{
  "/Users/kdmsnr/src/github.com/kdmsnr/marp-preview/app/exporter.js": {
    "path": "/Users/kdmsnr/src/github.com/kdmsnr/marp-preview/app/exporter.js",
    "statementMap": {
      "0": {
        "start": { "line": 1, "column": 11 },
        "end": { "line": 1, "column": 24 }
      },
      "1": {
        "start": { "line": 2, "column": 19 },
        "end": { "line": 2, "column": 30 }
      },
      "2": {
        "start": { "line": 3, "column": 13 },
        "end": { "line": 3, "column": 28 }
      },
      "3": {
        "start": { "line": 4, "column": 19 },
        "end": { "line": 4, "column": 38 }
      },
      "4": {
        "start": { "line": 5, "column": 16 },
        "end": { "line": 5, "column": 46 }
      },
      "5": {
        "start": { "line": 6, "column": 46 },
        "end": { "line": 6, "column": 64 }
      },
      "6": {
        "start": { "line": 9, "column": 19 },
        "end": { "line": 9, "column": 63 }
      },
      "7": {
        "start": { "line": 10, "column": 2 },
        "end": { "line": 12, "column": 3 }
      },
      "8": {
        "start": { "line": 11, "column": 4 },
        "end": { "line": 11, "column": 60 }
      },
      "9": {
        "start": { "line": 16, "column": 26 },
        "end": { "line": 16, "column": 46 }
      },
      "10": {
        "start": { "line": 17, "column": 2 },
        "end": { "line": 20, "column": 3 }
      },
      "11": {
        "start": { "line": 18, "column": 4 },
        "end": { "line": 18, "column": 79 }
      },
      "12": {
        "start": { "line": 19, "column": 4 },
        "end": { "line": 19, "column": 10 }
      },
      "13": {
        "start": { "line": 22, "column": 21 },
        "end": { "line": 22, "column": 36 }
      },
      "14": {
        "start": { "line": 23, "column": 26 },
        "end": { "line": 23, "column": 102 }
      },
      "15": {
        "start": { "line": 24, "column": 33 },
        "end": { "line": 27, "column": 4 }
      },
      "16": {
        "start": { "line": 28, "column": 2 },
        "end": { "line": 28, "column": 35 }
      },
      "17": {
        "start": { "line": 28, "column": 29 },
        "end": { "line": 28, "column": 35 }
      },
      "18": {
        "start": { "line": 30, "column": 2 },
        "end": { "line": 40, "column": 3 }
      },
      "19": {
        "start": { "line": 31, "column": 4 },
        "end": { "line": 31, "column": 47 }
      },
      "20": {
        "start": { "line": 32, "column": 4 },
        "end": { "line": 32, "column": 56 }
      },
      "21": {
        "start": { "line": 33, "column": 4 },
        "end": { "line": 37, "column": 6 }
      },
      "22": {
        "start": { "line": 39, "column": 4 },
        "end": { "line": 39, "column": 51 }
      },
      "23": {
        "start": { "line": 43, "column": 0 },
        "end": { "line": 45, "column": 1 }
      }
    },
    "fnMap": {
      "0": {
        "name": "runMarpCLI",
        "decl": {
          "start": { "line": 8, "column": 15 },
          "end": { "line": 8, "column": 25 }
        },
        "loc": {
          "start": { "line": 8, "column": 41 },
          "end": { "line": 13, "column": 1 }
        },
        "line": 8
      },
      "1": {
        "name": "exportFile",
        "decl": {
          "start": { "line": 15, "column": 15 },
          "end": { "line": 15, "column": 25 }
        },
        "loc": {
          "start": { "line": 15, "column": 34 },
          "end": { "line": 41, "column": 1 }
        },
        "line": 15
      }
    },
    "branchMap": {
      "0": {
        "loc": {
          "start": { "line": 10, "column": 2 },
          "end": { "line": 12, "column": 3 }
        },
        "type": "if",
        "locations": [
          {
            "start": { "line": 10, "column": 2 },
            "end": { "line": 12, "column": 3 }
          },
          { "start": {}, "end": {} }
        ],
        "line": 10
      },
      "1": {
        "loc": {
          "start": { "line": 17, "column": 2 },
          "end": { "line": 20, "column": 3 }
        },
        "type": "if",
        "locations": [
          {
            "start": { "line": 17, "column": 2 },
            "end": { "line": 20, "column": 3 }
          },
          { "start": {}, "end": {} }
        ],
        "line": 17
      },
      "2": {
        "loc": {
          "start": { "line": 28, "column": 2 },
          "end": { "line": 28, "column": 35 }
        },
        "type": "if",
        "locations": [
          {
            "start": { "line": 28, "column": 2 },
            "end": { "line": 28, "column": 35 }
          },
          { "start": {}, "end": {} }
        ],
        "line": 28
      },
      "3": {
        "loc": {
          "start": { "line": 28, "column": 6 },
          "end": { "line": 28, "column": 27 }
        },
        "type": "binary-expr",
        "locations": [
          {
            "start": { "line": 28, "column": 6 },
            "end": { "line": 28, "column": 14 }
          },
          {
            "start": { "line": 28, "column": 18 },
            "end": { "line": 28, "column": 27 }
          }
        ],
        "line": 28
      }
    },
    "s": {
      "0": 0,
      "1": 0,
      "2": 0,
      "3": 0,
      "4": 0,
      "5": 0,
      "6": 0,
      "7": 0,
      "8": 0,
      "9": 0,
      "10": 0,
      "11": 0,
      "12": 0,
      "13": 0,
      "14": 0,
      "15": 0,
      "16": 0,
      "17": 0,
      "18": 0,
      "19": 0,
      "20": 0,
      "21": 0,
      "22": 0,
      "23": 0
    },
    "f": { "0": 0, "1": 0 },
    "b": { "0": [0, 0], "1": [0, 0], "2": [0, 0], "3": [0, 0] }
  },
  "/Users/kdmsnr/src/github.com/kdmsnr/marp-preview/app/fileDialog.js": {
    "path": "/Users/kdmsnr/src/github.com/kdmsnr/marp-preview/app/fileDialog.js",
    "statementMap": {
      "0": {
        "start": { "line": 1, "column": 19 },
        "end": { "line": 1, "column": 38 }
      },
      "1": {
        "start": { "line": 2, "column": 29 },
        "end": { "line": 2, "column": 52 }
      },
      "2": {
        "start": { "line": 3, "column": 21 },
        "end": { "line": 3, "column": 44 }
      },
      "3": {
        "start": { "line": 6, "column": 21 },
        "end": { "line": 6, "column": 39 }
      },
      "4": {
        "start": { "line": 8, "column": 2 },
        "end": { "line": 22, "column": 6 }
      },
      "5": {
        "start": { "line": 14, "column": 6 },
        "end": { "line": 17, "column": 7 }
      },
      "6": {
        "start": { "line": 15, "column": 25 },
        "end": { "line": 15, "column": 44 }
      },
      "7": {
        "start": { "line": 16, "column": 8 },
        "end": { "line": 16, "column": 26 }
      },
      "8": {
        "start": { "line": 20, "column": 6 },
        "end": { "line": 20, "column": 22 }
      },
      "9": {
        "start": { "line": 21, "column": 6 },
        "end": { "line": 21, "column": 78 }
      },
      "10": {
        "start": { "line": 25, "column": 0 },
        "end": { "line": 27, "column": 1 }
      }
    },
    "fnMap": {
      "0": {
        "name": "openFile",
        "decl": {
          "start": { "line": 5, "column": 9 },
          "end": { "line": 5, "column": 17 }
        },
        "loc": {
          "start": { "line": 5, "column": 20 },
          "end": { "line": 23, "column": 1 }
        },
        "line": 5
      },
      "1": {
        "name": "(anonymous_1)",
        "decl": {
          "start": { "line": 13, "column": 10 },
          "end": { "line": 13, "column": 11 }
        },
        "loc": {
          "start": { "line": 13, "column": 22 },
          "end": { "line": 18, "column": 5 }
        },
        "line": 13
      },
      "2": {
        "name": "(anonymous_2)",
        "decl": {
          "start": { "line": 19, "column": 11 },
          "end": { "line": 19, "column": 12 }
        },
        "loc": {
          "start": { "line": 19, "column": 20 },
          "end": { "line": 22, "column": 5 }
        },
        "line": 19
      }
    },
    "branchMap": {
      "0": {
        "loc": {
          "start": { "line": 14, "column": 6 },
          "end": { "line": 17, "column": 7 }
        },
        "type": "if",
        "locations": [
          {
            "start": { "line": 14, "column": 6 },
            "end": { "line": 17, "column": 7 }
          },
          { "start": {}, "end": {} }
        ],
        "line": 14
      },
      "1": {
        "loc": {
          "start": { "line": 14, "column": 10 },
          "end": { "line": 14, "column": 57 }
        },
        "type": "binary-expr",
        "locations": [
          {
            "start": { "line": 14, "column": 10 },
            "end": { "line": 14, "column": 26 }
          },
          {
            "start": { "line": 14, "column": 30 },
            "end": { "line": 14, "column": 57 }
          }
        ],
        "line": 14
      }
    },
    "s": {
      "0": 0,
      "1": 0,
      "2": 0,
      "3": 0,
      "4": 0,
      "5": 0,
      "6": 0,
      "7": 0,
      "8": 0,
      "9": 0,
      "10": 0
    },
    "f": { "0": 0, "1": 0, "2": 0 },
    "b": { "0": [0, 0], "1": [0, 0] }
  },
  "/Users/kdmsnr/src/github.com/kdmsnr/marp-preview/app/fileLoader.js": {
    "path": "/Users/kdmsnr/src/github.com/kdmsnr/marp-preview/app/fileLoader.js",
    "statementMap": {
      "0": {
        "start": { "line": 1, "column": 31 },
        "end": { "line": 1, "column": 49 }
      },
      "1": {
        "start": { "line": 2, "column": 26 },
        "end": { "line": 2, "column": 55 }
      },
      "2": {
        "start": { "line": 3, "column": 26 },
        "end": { "line": 3, "column": 50 }
      },
      "3": {
        "start": { "line": 4, "column": 26 },
        "end": { "line": 4, "column": 50 }
      },
      "4": {
        "start": { "line": 7, "column": 2 },
        "end": { "line": 9, "column": 3 }
      },
      "5": {
        "start": { "line": 8, "column": 4 },
        "end": { "line": 8, "column": 16 }
      },
      "6": {
        "start": { "line": 11, "column": 2 },
        "end": { "line": 11, "column": 30 }
      },
      "7": {
        "start": { "line": 12, "column": 2 },
        "end": { "line": 12, "column": 25 }
      },
      "8": {
        "start": { "line": 13, "column": 2 },
        "end": { "line": 13, "column": 25 }
      },
      "9": {
        "start": { "line": 14, "column": 2 },
        "end": { "line": 14, "column": 25 }
      },
      "10": {
        "start": { "line": 15, "column": 2 },
        "end": { "line": 15, "column": 13 }
      },
      "11": {
        "start": { "line": 18, "column": 0 },
        "end": { "line": 20, "column": 1 }
      }
    },
    "fnMap": {
      "0": {
        "name": "loadFile",
        "decl": {
          "start": { "line": 6, "column": 9 },
          "end": { "line": 6, "column": 17 }
        },
        "loc": {
          "start": { "line": 6, "column": 28 },
          "end": { "line": 16, "column": 1 }
        },
        "line": 6
      }
    },
    "branchMap": {
      "0": {
        "loc": {
          "start": { "line": 7, "column": 2 },
          "end": { "line": 9, "column": 3 }
        },
        "type": "if",
        "locations": [
          {
            "start": { "line": 7, "column": 2 },
            "end": { "line": 9, "column": 3 }
          },
          { "start": {}, "end": {} }
        ],
        "line": 7
      }
    },
    "s": {
      "0": 0,
      "1": 0,
      "2": 0,
      "3": 0,
      "4": 0,
      "5": 0,
      "6": 0,
      "7": 0,
      "8": 0,
      "9": 0,
      "10": 0,
      "11": 0
    },
    "f": { "0": 0 },
    "b": { "0": [0, 0] }
  },
  "/Users/kdmsnr/src/github.com/kdmsnr/marp-preview/app/fileWatcher.js": {
    "path": "/Users/kdmsnr/src/github.com/kdmsnr/marp-preview/app/fileWatcher.js",
    "statementMap": {
      "0": {
        "start": { "line": 1, "column": 17 },
        "end": { "line": 1, "column": 36 }
      },
      "1": {
        "start": { "line": 8, "column": 4 },
        "end": { "line": 8, "column": 22 }
      },
      "2": {
        "start": { "line": 9, "column": 26 },
        "end": { "line": 9, "column": 55 }
      },
      "3": {
        "start": { "line": 14, "column": 18 },
        "end": { "line": 14, "column": 30 }
      },
      "4": {
        "start": { "line": 15, "column": 2 },
        "end": { "line": 18, "column": 3 }
      },
      "5": {
        "start": { "line": 16, "column": 4 },
        "end": { "line": 16, "column": 19 }
      },
      "6": {
        "start": { "line": 17, "column": 4 },
        "end": { "line": 17, "column": 18 }
      },
      "7": {
        "start": { "line": 22, "column": 2 },
        "end": { "line": 22, "column": 16 }
      },
      "8": {
        "start": { "line": 24, "column": 18 },
        "end": { "line": 30, "column": 4 }
      },
      "9": {
        "start": { "line": 32, "column": 2 },
        "end": { "line": 32, "column": 21 }
      },
      "10": {
        "start": { "line": 34, "column": 2 },
        "end": { "line": 39, "column": 4 }
      },
      "11": {
        "start": { "line": 35, "column": 4 },
        "end": { "line": 35, "column": 31 }
      },
      "12": {
        "start": { "line": 36, "column": 4 },
        "end": { "line": 38, "column": 11 }
      },
      "13": {
        "start": { "line": 37, "column": 6 },
        "end": { "line": 37, "column": 32 }
      },
      "14": {
        "start": { "line": 41, "column": 2 },
        "end": { "line": 49, "column": 4 }
      },
      "15": {
        "start": { "line": 42, "column": 23 },
        "end": { "line": 42, "column": 38 }
      },
      "16": {
        "start": { "line": 43, "column": 4 },
        "end": { "line": 46, "column": 5 }
      },
      "17": {
        "start": { "line": 44, "column": 6 },
        "end": { "line": 44, "column": 73 }
      },
      "18": {
        "start": { "line": 45, "column": 6 },
        "end": { "line": 45, "column": 41 }
      },
      "19": {
        "start": { "line": 47, "column": 4 },
        "end": { "line": 47, "column": 28 }
      },
      "20": {
        "start": { "line": 48, "column": 4 },
        "end": { "line": 48, "column": 18 }
      },
      "21": {
        "start": { "line": 52, "column": 0 },
        "end": { "line": 55, "column": 1 }
      }
    },
    "fnMap": {
      "0": {
        "name": "stopWatching",
        "decl": {
          "start": { "line": 13, "column": 9 },
          "end": { "line": 13, "column": 21 }
        },
        "loc": {
          "start": { "line": 13, "column": 24 },
          "end": { "line": 19, "column": 1 }
        },
        "line": 13
      },
      "1": {
        "name": "startWatching",
        "decl": {
          "start": { "line": 21, "column": 9 },
          "end": { "line": 21, "column": 22 }
        },
        "loc": {
          "start": { "line": 21, "column": 33 },
          "end": { "line": 50, "column": 1 }
        },
        "line": 21
      },
      "2": {
        "name": "(anonymous_2)",
        "decl": {
          "start": { "line": 34, "column": 23 },
          "end": { "line": 34, "column": 24 }
        },
        "loc": {
          "start": { "line": 34, "column": 40 },
          "end": { "line": 39, "column": 3 }
        },
        "line": 34
      },
      "3": {
        "name": "(anonymous_3)",
        "decl": {
          "start": { "line": 36, "column": 31 },
          "end": { "line": 36, "column": 32 }
        },
        "loc": {
          "start": { "line": 36, "column": 37 },
          "end": { "line": 38, "column": 5 }
        },
        "line": 36
      },
      "4": {
        "name": "(anonymous_4)",
        "decl": {
          "start": { "line": 41, "column": 23 },
          "end": { "line": 41, "column": 24 }
        },
        "loc": {
          "start": { "line": 41, "column": 29 },
          "end": { "line": 49, "column": 3 }
        },
        "line": 41
      }
    },
    "branchMap": {
      "0": {
        "loc": {
          "start": { "line": 15, "column": 2 },
          "end": { "line": 18, "column": 3 }
        },
        "type": "if",
        "locations": [
          {
            "start": { "line": 15, "column": 2 },
            "end": { "line": 18, "column": 3 }
          },
          { "start": {}, "end": {} }
        ],
        "line": 15
      },
      "1": {
        "loc": {
          "start": { "line": 43, "column": 4 },
          "end": { "line": 46, "column": 5 }
        },
        "type": "if",
        "locations": [
          {
            "start": { "line": 43, "column": 4 },
            "end": { "line": 46, "column": 5 }
          },
          { "start": {}, "end": {} }
        ],
        "line": 43
      },
      "2": {
        "loc": {
          "start": { "line": 43, "column": 8 },
          "end": { "line": 43, "column": 47 }
        },
        "type": "binary-expr",
        "locations": [
          {
            "start": { "line": 43, "column": 8 },
            "end": { "line": 43, "column": 18 }
          },
          {
            "start": { "line": 43, "column": 22 },
            "end": { "line": 43, "column": 47 }
          }
        ],
        "line": 43
      }
    },
    "s": {
      "0": 1,
      "1": 1,
      "2": 1,
      "3": 6,
      "4": 6,
      "5": 2,
      "6": 2,
      "7": 4,
      "8": 4,
      "9": 4,
      "10": 4,
      "11": 1,
      "12": 1,
      "13": 1,
      "14": 4,
      "15": 1,
      "16": 1,
      "17": 1,
      "18": 1,
      "19": 1,
      "20": 1,
      "21": 1
    },
    "f": { "0": 6, "1": 4, "2": 1, "3": 1, "4": 1 },
    "b": { "0": [2, 4], "1": [1, 0], "2": [1, 1] },
    "_coverageSchema": "1a1c01bbd47fc00a2c39e90264f33305004495a9",
    "hash": "69a6d756e5da1caa24fa60e24fd6573886f37d2f"
  },
  "/Users/kdmsnr/src/github.com/kdmsnr/marp-preview/app/mainWindow.js": {
    "path": "/Users/kdmsnr/src/github.com/kdmsnr/marp-preview/app/mainWindow.js",
    "statementMap": {
      "0": {
        "start": { "line": 1, "column": 26 },
        "end": { "line": 1, "column": 45 }
      },
      "1": {
        "start": { "line": 2, "column": 13 },
        "end": { "line": 2, "column": 28 }
      },
      "2": {
        "start": { "line": 3, "column": 58 },
        "end": { "line": 3, "column": 76 }
      },
      "3": {
        "start": { "line": 4, "column": 25 },
        "end": { "line": 4, "column": 49 }
      },
      "4": {
        "start": { "line": 7, "column": 17 },
        "end": { "line": 15, "column": 4 }
      },
      "5": {
        "start": { "line": 17, "column": 2 },
        "end": { "line": 17, "column": 23 }
      },
      "6": {
        "start": { "line": 18, "column": 2 },
        "end": { "line": 18, "column": 59 }
      },
      "7": {
        "start": { "line": 20, "column": 2 },
        "end": { "line": 23, "column": 4 }
      },
      "8": {
        "start": { "line": 21, "column": 4 },
        "end": { "line": 21, "column": 21 }
      },
      "9": {
        "start": { "line": 22, "column": 4 },
        "end": { "line": 22, "column": 18 }
      },
      "10": {
        "start": { "line": 25, "column": 2 },
        "end": { "line": 25, "column": 15 }
      },
      "11": {
        "start": { "line": 28, "column": 25 },
        "end": { "line": 28, "column": 68 }
      },
      "12": {
        "start": { "line": 28, "column": 31 },
        "end": { "line": 28, "column": 68 }
      },
      "13": {
        "start": { "line": 30, "column": 0 },
        "end": { "line": 34, "column": 1 }
      }
    },
    "fnMap": {
      "0": {
        "name": "createMainWindow",
        "decl": {
          "start": { "line": 6, "column": 9 },
          "end": { "line": 6, "column": 25 }
        },
        "loc": {
          "start": { "line": 6, "column": 28 },
          "end": { "line": 26, "column": 1 }
        },
        "line": 6
      },
      "1": {
        "name": "(anonymous_1)",
        "decl": {
          "start": { "line": 20, "column": 22 },
          "end": { "line": 20, "column": 23 }
        },
        "loc": {
          "start": { "line": 20, "column": 28 },
          "end": { "line": 23, "column": 3 }
        },
        "line": 20
      },
      "2": {
        "name": "(anonymous_2)",
        "decl": {
          "start": { "line": 28, "column": 25 },
          "end": { "line": 28, "column": 26 }
        },
        "loc": {
          "start": { "line": 28, "column": 31 },
          "end": { "line": 28, "column": 68 }
        },
        "line": 28
      }
    },
    "branchMap": {
      "0": {
        "loc": {
          "start": { "line": 28, "column": 31 },
          "end": { "line": 28, "column": 68 }
        },
        "type": "binary-expr",
        "locations": [
          {
            "start": { "line": 28, "column": 31 },
            "end": { "line": 28, "column": 46 }
          },
          {
            "start": { "line": 28, "column": 50 },
            "end": { "line": 28, "column": 68 }
          }
        ],
        "line": 28
      }
    },
    "s": {
      "0": 0,
      "1": 0,
      "2": 0,
      "3": 0,
      "4": 0,
      "5": 0,
      "6": 0,
      "7": 0,
      "8": 0,
      "9": 0,
      "10": 0,
      "11": 0,
      "12": 0,
      "13": 0
    },
    "f": { "0": 0, "1": 0, "2": 0 },
    "b": { "0": [0, 0] }
  },
  "/Users/kdmsnr/src/github.com/kdmsnr/marp-preview/app/markdownRenderer.js": {
    "path": "/Users/kdmsnr/src/github.com/kdmsnr/marp-preview/app/markdownRenderer.js",
    "statementMap": {
      "0": {
        "start": { "line": 1, "column": 11 },
        "end": { "line": 1, "column": 33 }
      },
      "1": {
        "start": { "line": 2, "column": 13 },
        "end": { "line": 2, "column": 28 }
      },
      "2": {
        "start": { "line": 3, "column": 19 },
        "end": { "line": 3, "column": 38 }
      },
      "3": {
        "start": { "line": 4, "column": 17 },
        "end": { "line": 4, "column": 48 }
      },
      "4": {
        "start": { "line": 5, "column": 26 },
        "end": { "line": 5, "column": 44 }
      },
      "5": {
        "start": { "line": 7, "column": 13 },
        "end": { "line": 7, "column": 42 }
      },
      "6": {
        "start": { "line": 10, "column": 2 },
        "end": { "line": 25, "column": 3 }
      },
      "7": {
        "start": { "line": 11, "column": 21 },
        "end": { "line": 11, "column": 57 }
      },
      "8": {
        "start": { "line": 12, "column": 26 },
        "end": { "line": 12, "column": 47 }
      },
      "9": {
        "start": { "line": 13, "column": 23 },
        "end": { "line": 13, "column": 38 }
      },
      "10": {
        "start": { "line": 14, "column": 4 },
        "end": { "line": 19, "column": 5 }
      },
      "11": {
        "start": { "line": 15, "column": 6 },
        "end": { "line": 15, "column": 65 }
      },
      "12": {
        "start": { "line": 16, "column": 6 },
        "end": { "line": 16, "column": 50 }
      },
      "13": {
        "start": { "line": 18, "column": 6 },
        "end": { "line": 18, "column": 80 }
      },
      "14": {
        "start": { "line": 21, "column": 4 },
        "end": { "line": 24, "column": 5 }
      },
      "15": {
        "start": { "line": 28, "column": 0 },
        "end": { "line": 30, "column": 1 }
      }
    },
    "fnMap": {
      "0": {
        "name": "renderAndSend",
        "decl": {
          "start": { "line": 9, "column": 15 },
          "end": { "line": 9, "column": 28 }
        },
        "loc": {
          "start": { "line": 9, "column": 39 },
          "end": { "line": 26, "column": 1 }
        },
        "line": 9
      }
    },
    "branchMap": {
      "0": {
        "loc": {
          "start": { "line": 14, "column": 4 },
          "end": { "line": 19, "column": 5 }
        },
        "type": "if",
        "locations": [
          {
            "start": { "line": 14, "column": 4 },
            "end": { "line": 19, "column": 5 }
          },
          {
            "start": { "line": 17, "column": 11 },
            "end": { "line": 19, "column": 5 }
          }
        ],
        "line": 14
      },
      "1": {
        "loc": {
          "start": { "line": 14, "column": 8 },
          "end": { "line": 14, "column": 47 }
        },
        "type": "binary-expr",
        "locations": [
          {
            "start": { "line": 14, "column": 8 },
            "end": { "line": 14, "column": 18 }
          },
          {
            "start": { "line": 14, "column": 22 },
            "end": { "line": 14, "column": 47 }
          }
        ],
        "line": 14
      }
    },
    "s": {
      "0": 0,
      "1": 0,
      "2": 0,
      "3": 0,
      "4": 0,
      "5": 0,
      "6": 0,
      "7": 0,
      "8": 0,
      "9": 0,
      "10": 0,
      "11": 0,
      "12": 0,
      "13": 0,
      "14": 0,
      "15": 0
    },
    "f": { "0": 0 },
    "b": { "0": [0, 0], "1": [0, 0] }
  },
  "/Users/kdmsnr/src/github.com/kdmsnr/marp-preview/app/menu.js": {
    "path": "/Users/kdmsnr/src/github.com/kdmsnr/marp-preview/app/menu.js",
    "statementMap": {
      "0": {
        "start": { "line": 1, "column": 17 },
        "end": { "line": 1, "column": 36 }
      },
      "1": {
        "start": { "line": 2, "column": 13 },
        "end": { "line": 2, "column": 28 }
      },
      "2": {
        "start": { "line": 9, "column": 2 },
        "end": { "line": 21, "column": 3 }
      },
      "3": {
        "start": { "line": 10, "column": 4 },
        "end": { "line": 20, "column": 5 }
      },
      "4": {
        "start": { "line": 23, "column": 16 },
        "end": { "line": 29, "column": 5 }
      },
      "5": {
        "start": { "line": 23, "column": 54 },
        "end": { "line": 29, "column": 3 }
      },
      "6": {
        "start": { "line": 27, "column": 6 },
        "end": { "line": 27, "column": 30 }
      },
      "7": {
        "start": { "line": 31, "column": 2 },
        "end": { "line": 40, "column": 3 }
      },
      "8": {
        "start": { "line": 37, "column": 8 },
        "end": { "line": 37, "column": 26 }
      },
      "9": {
        "start": { "line": 52, "column": 23 },
        "end": { "line": 109, "column": 3 }
      },
      "10": {
        "start": { "line": 60, "column": 12 },
        "end": { "line": 60, "column": 22 }
      },
      "11": {
        "start": { "line": 77, "column": 16 },
        "end": { "line": 77, "column": 27 }
      },
      "12": {
        "start": { "line": 83, "column": 16 },
        "end": { "line": 83, "column": 28 }
      },
      "13": {
        "start": { "line": 102, "column": 12 },
        "end": { "line": 102, "column": 47 }
      },
      "14": {
        "start": { "line": 111, "column": 2 },
        "end": { "line": 111, "column": 45 }
      },
      "15": {
        "start": { "line": 114, "column": 0 },
        "end": { "line": 116, "column": 1 }
      }
    },
    "fnMap": {
      "0": {
        "name": "buildRecentFilesSubmenu",
        "decl": {
          "start": { "line": 4, "column": 9 },
          "end": { "line": 4, "column": 32 }
        },
        "loc": {
          "start": { "line": 8, "column": 2 },
          "end": { "line": 41, "column": 1 }
        },
        "line": 8
      },
      "1": {
        "name": "(anonymous_1)",
        "decl": {
          "start": { "line": 23, "column": 32 },
          "end": { "line": 23, "column": 33 }
        },
        "loc": {
          "start": { "line": 23, "column": 54 },
          "end": { "line": 29, "column": 3 }
        },
        "line": 23
      },
      "2": {
        "name": "(anonymous_2)",
        "decl": {
          "start": { "line": 26, "column": 4 },
          "end": { "line": 26, "column": 5 }
        },
        "loc": {
          "start": { "line": 26, "column": 12 },
          "end": { "line": 28, "column": 5 }
        },
        "line": 26
      },
      "3": {
        "name": "(anonymous_3)",
        "decl": {
          "start": { "line": 36, "column": 6 },
          "end": { "line": 36, "column": 7 }
        },
        "loc": {
          "start": { "line": 36, "column": 14 },
          "end": { "line": 38, "column": 7 }
        },
        "line": 36
      },
      "4": {
        "name": "createApplicationMenu",
        "decl": {
          "start": { "line": 43, "column": 9 },
          "end": { "line": 43, "column": 30 }
        },
        "loc": {
          "start": { "line": 51, "column": 3 },
          "end": { "line": 112, "column": 1 }
        },
        "line": 51
      },
      "5": {
        "name": "(anonymous_5)",
        "decl": {
          "start": { "line": 49, "column": 19 },
          "end": { "line": 49, "column": 20 }
        },
        "loc": {
          "start": { "line": 49, "column": 25 },
          "end": { "line": 49, "column": 27 }
        },
        "line": 49
      },
      "6": {
        "name": "(anonymous_6)",
        "decl": {
          "start": { "line": 50, "column": 21 },
          "end": { "line": 50, "column": 22 }
        },
        "loc": {
          "start": { "line": 50, "column": 27 },
          "end": { "line": 50, "column": 29 }
        },
        "line": 50
      },
      "7": {
        "name": "(anonymous_7)",
        "decl": {
          "start": { "line": 59, "column": 10 },
          "end": { "line": 59, "column": 11 }
        },
        "loc": {
          "start": { "line": 59, "column": 18 },
          "end": { "line": 61, "column": 11 }
        },
        "line": 59
      },
      "8": {
        "name": "(anonymous_8)",
        "decl": {
          "start": { "line": 76, "column": 14 },
          "end": { "line": 76, "column": 15 }
        },
        "loc": {
          "start": { "line": 76, "column": 22 },
          "end": { "line": 78, "column": 15 }
        },
        "line": 76
      },
      "9": {
        "name": "(anonymous_9)",
        "decl": {
          "start": { "line": 82, "column": 14 },
          "end": { "line": 82, "column": 15 }
        },
        "loc": {
          "start": { "line": 82, "column": 22 },
          "end": { "line": 84, "column": 15 }
        },
        "line": 82
      },
      "10": {
        "name": "(anonymous_10)",
        "decl": {
          "start": { "line": 101, "column": 10 },
          "end": { "line": 101, "column": 11 }
        },
        "loc": {
          "start": { "line": 101, "column": 26 },
          "end": { "line": 103, "column": 11 }
        },
        "line": 101
      }
    },
    "branchMap": {
      "0": {
        "loc": {
          "start": { "line": 9, "column": 2 },
          "end": { "line": 21, "column": 3 }
        },
        "type": "if",
        "locations": [
          {
            "start": { "line": 9, "column": 2 },
            "end": { "line": 21, "column": 3 }
          },
          { "start": {}, "end": {} }
        ],
        "line": 9
      },
      "1": {
        "loc": {
          "start": { "line": 9, "column": 6 },
          "end": { "line": 9, "column": 46 }
        },
        "type": "binary-expr",
        "locations": [
          {
            "start": { "line": 9, "column": 6 },
            "end": { "line": 9, "column": 18 }
          },
          {
            "start": { "line": 9, "column": 22 },
            "end": { "line": 9, "column": 46 }
          }
        ],
        "line": 9
      },
      "2": {
        "loc": {
          "start": { "line": 48, "column": 2 },
          "end": { "line": 48, "column": 18 }
        },
        "type": "default-arg",
        "locations": [
          {
            "start": { "line": 48, "column": 16 },
            "end": { "line": 48, "column": 18 }
          }
        ],
        "line": 48
      },
      "3": {
        "loc": {
          "start": { "line": 49, "column": 2 },
          "end": { "line": 49, "column": 27 }
        },
        "type": "default-arg",
        "locations": [
          {
            "start": { "line": 49, "column": 19 },
            "end": { "line": 49, "column": 27 }
          }
        ],
        "line": 49
      },
      "4": {
        "loc": {
          "start": { "line": 50, "column": 2 },
          "end": { "line": 50, "column": 29 }
        },
        "type": "default-arg",
        "locations": [
          {
            "start": { "line": 50, "column": 21 },
            "end": { "line": 50, "column": 29 }
          }
        ],
        "line": 50
      }
    },
    "s": {
      "0": 0,
      "1": 0,
      "2": 0,
      "3": 0,
      "4": 0,
      "5": 0,
      "6": 0,
      "7": 0,
      "8": 0,
      "9": 0,
      "10": 0,
      "11": 0,
      "12": 0,
      "13": 0,
      "14": 0,
      "15": 0
    },
    "f": {
      "0": 0,
      "1": 0,
      "2": 0,
      "3": 0,
      "4": 0,
      "5": 0,
      "6": 0,
      "7": 0,
      "8": 0,
      "9": 0,
      "10": 0
    },
    "b": { "0": [0, 0], "1": [0, 0], "2": [0], "3": [0], "4": [0] }
  },
  "/Users/kdmsnr/src/github.com/kdmsnr/marp-preview/app/recentFiles.js": {
    "path": "/Users/kdmsnr/src/github.com/kdmsnr/marp-preview/app/recentFiles.js",
    "statementMap": {
      "0": {
        "start": { "line": 1, "column": 11 },
        "end": { "line": 1, "column": 24 }
      },
      "1": {
        "start": { "line": 2, "column": 13 },
        "end": { "line": 2, "column": 28 }
      },
      "2": {
        "start": { "line": 4, "column": 25 },
        "end": { "line": 4, "column": 27 }
      },
      "3": {
        "start": { "line": 6, "column": 18 },
        "end": { "line": 6, "column": 20 }
      },
      "4": {
        "start": { "line": 7, "column": 18 },
        "end": { "line": 7, "column": 27 }
      },
      "5": {
        "start": { "line": 8, "column": 18 },
        "end": { "line": 8, "column": 22 }
      },
      "6": {
        "start": { "line": 11, "column": 2 },
        "end": { "line": 13, "column": 3 }
      },
      "7": {
        "start": { "line": 12, "column": 4 },
        "end": { "line": 12, "column": 10 }
      },
      "8": {
        "start": { "line": 14, "column": 2 },
        "end": { "line": 18, "column": 3 }
      },
      "9": {
        "start": { "line": 15, "column": 4 },
        "end": { "line": 15, "column": 64 }
      },
      "10": {
        "start": { "line": 17, "column": 4 },
        "end": { "line": 17, "column": 70 }
      },
      "11": {
        "start": { "line": 22, "column": 2 },
        "end": { "line": 24, "column": 3 }
      },
      "12": {
        "start": { "line": 23, "column": 4 },
        "end": { "line": 23, "column": 10 }
      },
      "13": {
        "start": { "line": 25, "column": 2 },
        "end": { "line": 30, "column": 3 }
      },
      "14": {
        "start": { "line": 26, "column": 4 },
        "end": { "line": 26, "column": 22 }
      },
      "15": {
        "start": { "line": 27, "column": 4 },
        "end": { "line": 27, "column": 80 }
      },
      "16": {
        "start": { "line": 29, "column": 4 },
        "end": { "line": 29, "column": 55 }
      },
      "17": {
        "start": { "line": 34, "column": 19 },
        "end": { "line": 34, "column": 35 }
      },
      "18": {
        "start": { "line": 35, "column": 2 },
        "end": { "line": 41, "column": 4 }
      },
      "19": {
        "start": { "line": 36, "column": 4 },
        "end": { "line": 40, "column": 5 }
      },
      "20": {
        "start": { "line": 37, "column": 6 },
        "end": { "line": 37, "column": 24 }
      },
      "21": {
        "start": { "line": 39, "column": 6 },
        "end": { "line": 39, "column": 66 }
      },
      "22": {
        "start": { "line": 45, "column": 2 },
        "end": { "line": 45, "column": 32 }
      },
      "23": {
        "start": { "line": 46, "column": 2 },
        "end": { "line": 48, "column": 3 }
      },
      "24": {
        "start": { "line": 47, "column": 4 },
        "end": { "line": 47, "column": 10 }
      },
      "25": {
        "start": { "line": 50, "column": 2 },
        "end": { "line": 62, "column": 3 }
      },
      "26": {
        "start": { "line": 51, "column": 4 },
        "end": { "line": 59, "column": 5 }
      },
      "27": {
        "start": { "line": 52, "column": 23 },
        "end": { "line": 52, "column": 60 }
      },
      "28": {
        "start": { "line": 53, "column": 21 },
        "end": { "line": 53, "column": 41 }
      },
      "29": {
        "start": { "line": 54, "column": 6 },
        "end": { "line": 56, "column": 7 }
      },
      "30": {
        "start": { "line": 55, "column": 8 },
        "end": { "line": 55, "column": 73 }
      },
      "31": {
        "start": { "line": 55, "column": 47 },
        "end": { "line": 55, "column": 72 }
      },
      "32": {
        "start": { "line": 58, "column": 6 },
        "end": { "line": 58, "column": 24 }
      },
      "33": {
        "start": { "line": 61, "column": 4 },
        "end": { "line": 61, "column": 55 }
      },
      "34": {
        "start": { "line": 64, "column": 2 },
        "end": { "line": 64, "column": 19 }
      },
      "35": {
        "start": { "line": 68, "column": 2 },
        "end": { "line": 68, "column": 25 }
      },
      "36": {
        "start": { "line": 72, "column": 2 },
        "end": { "line": 74, "column": 3 }
      },
      "37": {
        "start": { "line": 73, "column": 4 },
        "end": { "line": 73, "column": 10 }
      },
      "38": {
        "start": { "line": 76, "column": 15 },
        "end": { "line": 79, "column": 3 }
      },
      "39": {
        "start": { "line": 78, "column": 40 },
        "end": { "line": 78, "column": 61 }
      },
      "40": {
        "start": { "line": 80, "column": 2 },
        "end": { "line": 80, "column": 47 }
      },
      "41": {
        "start": { "line": 81, "column": 2 },
        "end": { "line": 81, "column": 19 }
      },
      "42": {
        "start": { "line": 82, "column": 2 },
        "end": { "line": 82, "column": 22 }
      },
      "43": {
        "start": { "line": 86, "column": 15 },
        "end": { "line": 86, "column": 70 }
      },
      "44": {
        "start": { "line": 86, "column": 48 },
        "end": { "line": 86, "column": 69 }
      },
      "45": {
        "start": { "line": 87, "column": 2 },
        "end": { "line": 89, "column": 3 }
      },
      "46": {
        "start": { "line": 88, "column": 4 },
        "end": { "line": 88, "column": 10 }
      },
      "47": {
        "start": { "line": 90, "column": 2 },
        "end": { "line": 90, "column": 20 }
      },
      "48": {
        "start": { "line": 91, "column": 2 },
        "end": { "line": 91, "column": 19 }
      },
      "49": {
        "start": { "line": 92, "column": 2 },
        "end": { "line": 92, "column": 22 }
      },
      "50": {
        "start": { "line": 96, "column": 2 },
        "end": { "line": 98, "column": 3 }
      },
      "51": {
        "start": { "line": 97, "column": 4 },
        "end": { "line": 97, "column": 10 }
      },
      "52": {
        "start": { "line": 99, "column": 2 },
        "end": { "line": 99, "column": 18 }
      },
      "53": {
        "start": { "line": 100, "column": 2 },
        "end": { "line": 100, "column": 19 }
      },
      "54": {
        "start": { "line": 101, "column": 2 },
        "end": { "line": 101, "column": 22 }
      },
      "55": {
        "start": { "line": 105, "column": 2 },
        "end": { "line": 105, "column": 25 }
      },
      "56": {
        "start": { "line": 106, "column": 2 },
        "end": { "line": 106, "column": 41 }
      },
      "57": {
        "start": { "line": 106, "column": 15 },
        "end": { "line": 106, "column": 41 }
      },
      "58": {
        "start": { "line": 109, "column": 0 },
        "end": { "line": 116, "column": 1 }
      }
    },
    "fnMap": {
      "0": {
        "name": "ensureStorageDir",
        "decl": {
          "start": { "line": 10, "column": 9 },
          "end": { "line": 10, "column": 25 }
        },
        "loc": {
          "start": { "line": 10, "column": 28 },
          "end": { "line": 19, "column": 1 }
        },
        "line": 10
      },
      "1": {
        "name": "persistRecentFiles",
        "decl": {
          "start": { "line": 21, "column": 9 },
          "end": { "line": 21, "column": 27 }
        },
        "loc": {
          "start": { "line": 21, "column": 30 },
          "end": { "line": 31, "column": 1 }
        },
        "line": 21
      },
      "2": {
        "name": "notifyListeners",
        "decl": {
          "start": { "line": 33, "column": 9 },
          "end": { "line": 33, "column": 24 }
        },
        "loc": {
          "start": { "line": 33, "column": 27 },
          "end": { "line": 42, "column": 1 }
        },
        "line": 33
      },
      "3": {
        "name": "(anonymous_3)",
        "decl": {
          "start": { "line": 35, "column": 20 },
          "end": { "line": 35, "column": 21 }
        },
        "loc": {
          "start": { "line": 35, "column": 34 },
          "end": { "line": 41, "column": 3 }
        },
        "line": 35
      },
      "4": {
        "name": "initializeRecentFiles",
        "decl": {
          "start": { "line": 44, "column": 9 },
          "end": { "line": 44, "column": 30 }
        },
        "loc": {
          "start": { "line": 44, "column": 41 },
          "end": { "line": 65, "column": 1 }
        },
        "line": 44
      },
      "5": {
        "name": "(anonymous_5)",
        "decl": {
          "start": { "line": 55, "column": 36 },
          "end": { "line": 55, "column": 37 }
        },
        "loc": {
          "start": { "line": 55, "column": 47 },
          "end": { "line": 55, "column": 72 }
        },
        "line": 55
      },
      "6": {
        "name": "getRecentFiles",
        "decl": {
          "start": { "line": 67, "column": 9 },
          "end": { "line": 67, "column": 23 }
        },
        "loc": {
          "start": { "line": 67, "column": 26 },
          "end": { "line": 69, "column": 1 }
        },
        "line": 67
      },
      "7": {
        "name": "addRecentFile",
        "decl": {
          "start": { "line": 71, "column": 9 },
          "end": { "line": 71, "column": 22 }
        },
        "loc": {
          "start": { "line": 71, "column": 33 },
          "end": { "line": 83, "column": 1 }
        },
        "line": 71
      },
      "8": {
        "name": "(anonymous_8)",
        "decl": {
          "start": { "line": 78, "column": 26 },
          "end": { "line": 78, "column": 27 }
        },
        "loc": {
          "start": { "line": 78, "column": 40 },
          "end": { "line": 78, "column": 61 }
        },
        "line": 78
      },
      "9": {
        "name": "removeRecentFile",
        "decl": {
          "start": { "line": 85, "column": 9 },
          "end": { "line": 85, "column": 25 }
        },
        "loc": {
          "start": { "line": 85, "column": 36 },
          "end": { "line": 93, "column": 1 }
        },
        "line": 85
      },
      "10": {
        "name": "(anonymous_10)",
        "decl": {
          "start": { "line": 86, "column": 34 },
          "end": { "line": 86, "column": 35 }
        },
        "loc": {
          "start": { "line": 86, "column": 48 },
          "end": { "line": 86, "column": 69 }
        },
        "line": 86
      },
      "11": {
        "name": "clearRecentFiles",
        "decl": {
          "start": { "line": 95, "column": 9 },
          "end": { "line": 95, "column": 25 }
        },
        "loc": {
          "start": { "line": 95, "column": 28 },
          "end": { "line": 102, "column": 1 }
        },
        "line": 95
      },
      "12": {
        "name": "onRecentFilesChange",
        "decl": {
          "start": { "line": 104, "column": 9 },
          "end": { "line": 104, "column": 28 }
        },
        "loc": {
          "start": { "line": 104, "column": 39 },
          "end": { "line": 107, "column": 1 }
        },
        "line": 104
      },
      "13": {
        "name": "(anonymous_13)",
        "decl": {
          "start": { "line": 106, "column": 9 },
          "end": { "line": 106, "column": 10 }
        },
        "loc": {
          "start": { "line": 106, "column": 15 },
          "end": { "line": 106, "column": 41 }
        },
        "line": 106
      }
    },
    "branchMap": {
      "0": {
        "loc": {
          "start": { "line": 11, "column": 2 },
          "end": { "line": 13, "column": 3 }
        },
        "type": "if",
        "locations": [
          {
            "start": { "line": 11, "column": 2 },
            "end": { "line": 13, "column": 3 }
          },
          { "start": {}, "end": {} }
        ],
        "line": 11
      },
      "1": {
        "loc": {
          "start": { "line": 22, "column": 2 },
          "end": { "line": 24, "column": 3 }
        },
        "type": "if",
        "locations": [
          {
            "start": { "line": 22, "column": 2 },
            "end": { "line": 24, "column": 3 }
          },
          { "start": {}, "end": {} }
        ],
        "line": 22
      },
      "2": {
        "loc": {
          "start": { "line": 45, "column": 16 },
          "end": { "line": 45, "column": 32 }
        },
        "type": "binary-expr",
        "locations": [
          {
            "start": { "line": 45, "column": 16 },
            "end": { "line": 45, "column": 24 }
          },
          {
            "start": { "line": 45, "column": 28 },
            "end": { "line": 45, "column": 32 }
          }
        ],
        "line": 45
      },
      "3": {
        "loc": {
          "start": { "line": 46, "column": 2 },
          "end": { "line": 48, "column": 3 }
        },
        "type": "if",
        "locations": [
          {
            "start": { "line": 46, "column": 2 },
            "end": { "line": 48, "column": 3 }
          },
          { "start": {}, "end": {} }
        ],
        "line": 46
      },
      "4": {
        "loc": {
          "start": { "line": 51, "column": 4 },
          "end": { "line": 59, "column": 5 }
        },
        "type": "if",
        "locations": [
          {
            "start": { "line": 51, "column": 4 },
            "end": { "line": 59, "column": 5 }
          },
          {
            "start": { "line": 57, "column": 11 },
            "end": { "line": 59, "column": 5 }
          }
        ],
        "line": 51
      },
      "5": {
        "loc": {
          "start": { "line": 54, "column": 6 },
          "end": { "line": 56, "column": 7 }
        },
        "type": "if",
        "locations": [
          {
            "start": { "line": 54, "column": 6 },
            "end": { "line": 56, "column": 7 }
          },
          { "start": {}, "end": {} }
        ],
        "line": 54
      },
      "6": {
        "loc": {
          "start": { "line": 72, "column": 2 },
          "end": { "line": 74, "column": 3 }
        },
        "type": "if",
        "locations": [
          {
            "start": { "line": 72, "column": 2 },
            "end": { "line": 74, "column": 3 }
          },
          { "start": {}, "end": {} }
        ],
        "line": 72
      },
      "7": {
        "loc": {
          "start": { "line": 87, "column": 2 },
          "end": { "line": 89, "column": 3 }
        },
        "type": "if",
        "locations": [
          {
            "start": { "line": 87, "column": 2 },
            "end": { "line": 89, "column": 3 }
          },
          { "start": {}, "end": {} }
        ],
        "line": 87
      },
      "8": {
        "loc": {
          "start": { "line": 96, "column": 2 },
          "end": { "line": 98, "column": 3 }
        },
        "type": "if",
        "locations": [
          {
            "start": { "line": 96, "column": 2 },
            "end": { "line": 98, "column": 3 }
          },
          { "start": {}, "end": {} }
        ],
        "line": 96
      }
    },
    "s": {
      "0": 6,
      "1": 6,
      "2": 6,
      "3": 6,
      "4": 6,
      "5": 6,
      "6": 4,
      "7": 0,
      "8": 4,
      "9": 4,
      "10": 0,
      "11": 23,
      "12": 20,
      "13": 3,
      "14": 3,
      "15": 3,
      "16": 0,
      "17": 25,
      "18": 25,
      "19": 2,
      "20": 2,
      "21": 0,
      "22": 14,
      "23": 14,
      "24": 12,
      "25": 2,
      "26": 2,
      "27": 1,
      "28": 1,
      "29": 1,
      "30": 1,
      "31": 1,
      "32": 1,
      "33": 0,
      "34": 2,
      "35": 6,
      "36": 20,
      "37": 0,
      "38": 20,
      "39": 70,
      "40": 20,
      "41": 20,
      "42": 20,
      "43": 3,
      "44": 5,
      "45": 3,
      "46": 1,
      "47": 2,
      "48": 2,
      "49": 2,
      "50": 7,
      "51": 6,
      "52": 1,
      "53": 1,
      "54": 1,
      "55": 1,
      "56": 1,
      "57": 1,
      "58": 6
    },
    "f": {
      "0": 4,
      "1": 23,
      "2": 25,
      "3": 2,
      "4": 14,
      "5": 1,
      "6": 6,
      "7": 20,
      "8": 70,
      "9": 3,
      "10": 5,
      "11": 7,
      "12": 1,
      "13": 1
    },
    "b": {
      "0": [0, 4],
      "1": [20, 3],
      "2": [14, 12],
      "3": [12, 2],
      "4": [1, 1],
      "5": [1, 0],
      "6": [0, 20],
      "7": [1, 2],
      "8": [6, 1]
    },
    "_coverageSchema": "1a1c01bbd47fc00a2c39e90264f33305004495a9",
    "hash": "eaa587647be9b7439d0a1d291b47630d0e873cf3"
  },
  "/Users/kdmsnr/src/github.com/kdmsnr/marp-preview/app/state.js": {
    "path": "/Users/kdmsnr/src/github.com/kdmsnr/marp-preview/app/state.js",
    "statementMap": {
      "0": {
        "start": { "line": 1, "column": 17 },
        "end": { "line": 1, "column": 21 }
      },
      "1": {
        "start": { "line": 2, "column": 14 },
        "end": { "line": 2, "column": 18 }
      },
      "2": {
        "start": { "line": 3, "column": 22 },
        "end": { "line": 3, "column": 26 }
      },
      "3": {
        "start": { "line": 5, "column": 22 },
        "end": { "line": 7, "column": 1 }
      },
      "4": {
        "start": { "line": 6, "column": 2 },
        "end": { "line": 6, "column": 21 }
      },
      "5": {
        "start": { "line": 9, "column": 24 },
        "end": { "line": 11, "column": 1 }
      },
      "6": {
        "start": { "line": 10, "column": 2 },
        "end": { "line": 10, "column": 19 }
      },
      "7": {
        "start": { "line": 13, "column": 22 },
        "end": { "line": 13, "column": 38 }
      },
      "8": {
        "start": { "line": 13, "column": 28 },
        "end": { "line": 13, "column": 38 }
      },
      "9": {
        "start": { "line": 15, "column": 19 },
        "end": { "line": 17, "column": 1 }
      },
      "10": {
        "start": { "line": 16, "column": 2 },
        "end": { "line": 16, "column": 22 }
      },
      "11": {
        "start": { "line": 19, "column": 21 },
        "end": { "line": 21, "column": 1 }
      },
      "12": {
        "start": { "line": 20, "column": 2 },
        "end": { "line": 20, "column": 16 }
      },
      "13": {
        "start": { "line": 23, "column": 19 },
        "end": { "line": 23, "column": 32 }
      },
      "14": {
        "start": { "line": 23, "column": 25 },
        "end": { "line": 23, "column": 32 }
      },
      "15": {
        "start": { "line": 25, "column": 27 },
        "end": { "line": 27, "column": 1 }
      },
      "16": {
        "start": { "line": 26, "column": 2 },
        "end": { "line": 26, "column": 28 }
      },
      "17": {
        "start": { "line": 29, "column": 27 },
        "end": { "line": 29, "column": 48 }
      },
      "18": {
        "start": { "line": 29, "column": 33 },
        "end": { "line": 29, "column": 48 }
      },
      "19": {
        "start": { "line": 31, "column": 0 },
        "end": { "line": 40, "column": 1 }
      }
    },
    "fnMap": {
      "0": {
        "name": "(anonymous_0)",
        "decl": {
          "start": { "line": 5, "column": 22 },
          "end": { "line": 5, "column": 23 }
        },
        "loc": {
          "start": { "line": 5, "column": 34 },
          "end": { "line": 7, "column": 1 }
        },
        "line": 5
      },
      "1": {
        "name": "(anonymous_1)",
        "decl": {
          "start": { "line": 9, "column": 24 },
          "end": { "line": 9, "column": 25 }
        },
        "loc": {
          "start": { "line": 9, "column": 30 },
          "end": { "line": 11, "column": 1 }
        },
        "line": 9
      },
      "2": {
        "name": "(anonymous_2)",
        "decl": {
          "start": { "line": 13, "column": 22 },
          "end": { "line": 13, "column": 23 }
        },
        "loc": {
          "start": { "line": 13, "column": 28 },
          "end": { "line": 13, "column": 38 }
        },
        "line": 13
      },
      "3": {
        "name": "(anonymous_3)",
        "decl": {
          "start": { "line": 15, "column": 19 },
          "end": { "line": 15, "column": 20 }
        },
        "loc": {
          "start": { "line": 15, "column": 35 },
          "end": { "line": 17, "column": 1 }
        },
        "line": 15
      },
      "4": {
        "name": "(anonymous_4)",
        "decl": {
          "start": { "line": 19, "column": 21 },
          "end": { "line": 19, "column": 22 }
        },
        "loc": {
          "start": { "line": 19, "column": 27 },
          "end": { "line": 21, "column": 1 }
        },
        "line": 19
      },
      "5": {
        "name": "(anonymous_5)",
        "decl": {
          "start": { "line": 23, "column": 19 },
          "end": { "line": 23, "column": 20 }
        },
        "loc": {
          "start": { "line": 23, "column": 25 },
          "end": { "line": 23, "column": 32 }
        },
        "line": 23
      },
      "6": {
        "name": "(anonymous_6)",
        "decl": {
          "start": { "line": 25, "column": 27 },
          "end": { "line": 25, "column": 28 }
        },
        "loc": {
          "start": { "line": 25, "column": 41 },
          "end": { "line": 27, "column": 1 }
        },
        "line": 25
      },
      "7": {
        "name": "(anonymous_7)",
        "decl": {
          "start": { "line": 29, "column": 27 },
          "end": { "line": 29, "column": 28 }
        },
        "loc": {
          "start": { "line": 29, "column": 33 },
          "end": { "line": 29, "column": 48 }
        },
        "line": 29
      }
    },
    "branchMap": {},
    "s": {
      "0": 0,
      "1": 0,
      "2": 0,
      "3": 0,
      "4": 0,
      "5": 0,
      "6": 0,
      "7": 0,
      "8": 0,
      "9": 0,
      "10": 0,
      "11": 0,
      "12": 0,
      "13": 0,
      "14": 0,
      "15": 0,
      "16": 0,
      "17": 0,
      "18": 0,
      "19": 0
    },
    "f": { "0": 0, "1": 0, "2": 0, "3": 0, "4": 0, "5": 0, "6": 0, "7": 0 },
    "b": {}
  },
  "/Users/kdmsnr/src/github.com/kdmsnr/marp-preview/app/windowActions.js": {
    "path": "/Users/kdmsnr/src/github.com/kdmsnr/marp-preview/app/windowActions.js",
    "statementMap": {
      "0": {
        "start": { "line": 1, "column": 26 },
        "end": { "line": 1, "column": 44 }
      },
      "1": {
        "start": { "line": 4, "column": 21 },
        "end": { "line": 4, "column": 36 }
      },
      "2": {
        "start": { "line": 5, "column": 2 },
        "end": { "line": 7, "column": 3 }
      },
      "3": {
        "start": { "line": 6, "column": 4 },
        "end": { "line": 6, "column": 44 }
      },
      "4": {
        "start": { "line": 10, "column": 0 },
        "end": { "line": 12, "column": 1 }
      }
    },
    "fnMap": {
      "0": {
        "name": "setAlwaysOnTop",
        "decl": {
          "start": { "line": 3, "column": 9 },
          "end": { "line": 3, "column": 23 }
        },
        "loc": {
          "start": { "line": 3, "column": 39 },
          "end": { "line": 8, "column": 1 }
        },
        "line": 3
      }
    },
    "branchMap": {
      "0": {
        "loc": {
          "start": { "line": 5, "column": 2 },
          "end": { "line": 7, "column": 3 }
        },
        "type": "if",
        "locations": [
          {
            "start": { "line": 5, "column": 2 },
            "end": { "line": 7, "column": 3 }
          },
          { "start": {}, "end": {} }
        ],
        "line": 5
      }
    },
    "s": { "0": 0, "1": 0, "2": 0, "3": 0, "4": 0 },
    "f": { "0": 0 },
    "b": { "0": [0, 0] }
  }
}
