{"/Users/kdmsnr/src/github.com/kdmsnr/marp-preview/app/citations.js": {"path":"/Users/kdmsnr/src/github.com/kdmsnr/marp-preview/app/citations.js","statementMap":{"0":{"start":{"line":1,"column":15},"end":{"line":1,"column":32}},"1":{"start":{"line":2,"column":11},"end":{"line":2,"column":24}},"2":{"start":{"line":3,"column":13},"end":{"line":3,"column":28}},"3":{"start":{"line":4,"column":13},"end":{"line":4,"column":31}},"4":{"start":{"line":5,"column":26},"end":{"line":5,"column":54}},"5":{"start":{"line":7,"column":0},"end":{"line":7,"column":38}},"6":{"start":{"line":8,"column":0},"end":{"line":8,"column":35}},"7":{"start":{"line":10,"column":27},"end":{"line":10,"column":45}},"8":{"start":{"line":11,"column":26},"end":{"line":11,"column":47}},"9":{"start":{"line":12,"column":29},"end":{"line":12,"column":97}},"10":{"start":{"line":13,"column":28},"end":{"line":13,"column":73}},"11":{"start":{"line":14,"column":24},"end":{"line":14,"column":55}},"12":{"start":{"line":16,"column":21},"end":{"line":29,"column":8}},"13":{"start":{"line":32,"column":17},"end":{"line":34,"column":37}},"14":{"start":{"line":35,"column":26},"end":{"line":37,"column":3}},"15":{"start":{"line":39,"column":4},"end":{"line":40,"column":65}},"16":{"start":{"line":41,"column":2},"end":{"line":41,"column":40}},"17":{"start":{"line":41,"column":30},"end":{"line":41,"column":40}},"18":{"start":{"line":43,"column":2},"end":{"line":55,"column":3}},"19":{"start":{"line":44,"column":21},"end":{"line":44,"column":62}},"20":{"start":{"line":45,"column":4},"end":{"line":51,"column":5}},"21":{"start":{"line":50,"column":6},"end":{"line":50,"column":22}},"22":{"start":{"line":52,"column":4},"end":{"line":52,"column":14}},"23":{"start":{"line":54,"column":4},"end":{"line":54,"column":75}},"24":{"start":{"line":59,"column":2},"end":{"line":61,"column":3}},"25":{"start":{"line":60,"column":4},"end":{"line":60,"column":66}},"26":{"start":{"line":63,"column":17},"end":{"line":63,"column":55}},"27":{"start":{"line":64,"column":2},"end":{"line":66,"column":3}},"28":{"start":{"line":64,"column":30},"end":{"line":64,"column":69}},"29":{"start":{"line":65,"column":4},"end":{"line":65,"column":79}},"30":{"start":{"line":68,"column":2},"end":{"line":68,"column":16}},"31":{"start":{"line":72,"column":2},"end":{"line":74,"column":56}},"32":{"start":{"line":78,"column":2},"end":{"line":89,"column":16}},"33":{"start":{"line":80,"column":27},"end":{"line":80,"column":66}},"34":{"start":{"line":81,"column":6},"end":{"line":87,"column":7}},"35":{"start":{"line":82,"column":8},"end":{"line":82,"column":54}},"36":{"start":{"line":84,"column":8},"end":{"line":86,"column":10}},"37":{"start":{"line":93,"column":16},"end":{"line":93,"column":61}},"38":{"start":{"line":93,"column":49},"end":{"line":93,"column":60}},"39":{"start":{"line":94,"column":2},"end":{"line":94,"column":38}},"40":{"start":{"line":94,"column":26},"end":{"line":94,"column":38}},"41":{"start":{"line":96,"column":16},"end":{"line":96,"column":18}},"42":{"start":{"line":97,"column":2},"end":{"line":101,"column":3}},"43":{"start":{"line":98,"column":18},"end":{"line":98,"column":39}},"44":{"start":{"line":99,"column":4},"end":{"line":99,"column":63}},"45":{"start":{"line":99,"column":51},"end":{"line":99,"column":63}},"46":{"start":{"line":100,"column":4},"end":{"line":100,"column":33}},"47":{"start":{"line":103,"column":2},"end":{"line":103,"column":15}},"48":{"start":{"line":107,"column":2},"end":{"line":111,"column":27}},"49":{"start":{"line":115,"column":20},"end":{"line":115,"column":56}},"50":{"start":{"line":116,"column":15},"end":{"line":116,"column":79}},"51":{"start":{"line":117,"column":23},"end":{"line":117,"column":45}},"52":{"start":{"line":119,"column":2},"end":{"line":121,"column":3}},"53":{"start":{"line":120,"column":4},"end":{"line":120,"column":37}},"54":{"start":{"line":123,"column":2},"end":{"line":123,"column":22}},"55":{"start":{"line":127,"column":19},"end":{"line":127,"column":50}},"56":{"start":{"line":128,"column":28},"end":{"line":131,"column":3}},"57":{"start":{"line":132,"column":19},"end":{"line":132,"column":57}},"58":{"start":{"line":133,"column":2},"end":{"line":135,"column":3}},"59":{"start":{"line":134,"column":4},"end":{"line":134,"column":78}},"60":{"start":{"line":137,"column":23},"end":{"line":141,"column":3}},"61":{"start":{"line":142,"column":14},"end":{"line":142,"column":58}},"62":{"start":{"line":144,"column":2},"end":{"line":148,"column":4}},"63":{"start":{"line":152,"column":2},"end":{"line":156,"column":3}},"64":{"start":{"line":153,"column":4},"end":{"line":155,"column":5}},"65":{"start":{"line":154,"column":6},"end":{"line":154,"column":45}},"66":{"start":{"line":158,"column":19},"end":{"line":165,"column":4}},"67":{"start":{"line":166,"column":16},"end":{"line":166,"column":54}},"68":{"start":{"line":166,"column":36},"end":{"line":166,"column":43}},"69":{"start":{"line":168,"column":2},"end":{"line":168,"column":92}},"70":{"start":{"line":172,"column":2},"end":{"line":176,"column":5}},"71":{"start":{"line":180,"column":2},"end":{"line":180,"column":32}},"72":{"start":{"line":180,"column":20},"end":{"line":180,"column":32}},"73":{"start":{"line":182,"column":16},"end":{"line":182,"column":56}},"74":{"start":{"line":183,"column":14},"end":{"line":183,"column":54}},"75":{"start":{"line":184,"column":2},"end":{"line":186,"column":3}},"76":{"start":{"line":185,"column":4},"end":{"line":185,"column":75}},"77":{"start":{"line":188,"column":2},"end":{"line":188,"column":24}},"78":{"start":{"line":192,"column":2},"end":{"line":192,"column":38}},"79":{"start":{"line":192,"column":14},"end":{"line":192,"column":38}},"80":{"start":{"line":194,"column":18},"end":{"line":194,"column":84}},"81":{"start":{"line":195,"column":18},"end":{"line":197,"column":3}},"82":{"start":{"line":196,"column":15},"end":{"line":196,"column":23}},"83":{"start":{"line":198,"column":24},"end":{"line":198,"column":61}},"84":{"start":{"line":200,"column":2},"end":{"line":200,"column":52}},"85":{"start":{"line":200,"column":28},"end":{"line":200,"column":52}},"86":{"start":{"line":202,"column":2},"end":{"line":202,"column":79}},"87":{"start":{"line":206,"column":29},"end":{"line":206,"column":64}},"88":{"start":{"line":207,"column":2},"end":{"line":207,"column":37}},"89":{"start":{"line":208,"column":26},"end":{"line":208,"column":69}},"90":{"start":{"line":209,"column":24},"end":{"line":211,"column":35}},"91":{"start":{"line":210,"column":21},"end":{"line":210,"column":79}},"92":{"start":{"line":211,"column":23},"end":{"line":211,"column":34}},"93":{"start":{"line":213,"column":2},"end":{"line":213,"column":50}},"94":{"start":{"line":213,"column":34},"end":{"line":213,"column":50}},"95":{"start":{"line":214,"column":2},"end":{"line":218,"column":3}},"96":{"start":{"line":215,"column":4},"end":{"line":217,"column":6}},"97":{"start":{"line":220,"column":26},"end":{"line":220,"column":75}},"98":{"start":{"line":221,"column":27},"end":{"line":228,"column":3}},"99":{"start":{"line":224,"column":20},"end":{"line":224,"column":47}},"100":{"start":{"line":225,"column":6},"end":{"line":225,"column":31}},"101":{"start":{"line":225,"column":18},"end":{"line":225,"column":31}},"102":{"start":{"line":226,"column":6},"end":{"line":226,"column":52}},"103":{"start":{"line":229,"column":23},"end":{"line":229,"column":58}},"104":{"start":{"line":231,"column":2},"end":{"line":235,"column":4}},"105":{"start":{"line":234,"column":6},"end":{"line":234,"column":73}},"106":{"start":{"line":239,"column":17},"end":{"line":239,"column":39}},"107":{"start":{"line":240,"column":2},"end":{"line":241,"column":83}},"108":{"start":{"line":241,"column":4},"end":{"line":241,"column":82}},"109":{"start":{"line":243,"column":22},"end":{"line":243,"column":49}},"110":{"start":{"line":244,"column":2},"end":{"line":244,"column":73}},"111":{"start":{"line":244,"column":32},"end":{"line":244,"column":72}},"112":{"start":{"line":246,"column":2},"end":{"line":246,"column":14}},"113":{"start":{"line":249,"column":0},"end":{"line":256,"column":2}}},"fnMap":{"0":{"name":"parseCitationMetadata","decl":{"start":{"line":31,"column":9},"end":{"line":31,"column":30}},"loc":{"start":{"line":31,"column":41},"end":{"line":56,"column":1}},"line":31},"1":{"name":"normalizePathList","decl":{"start":{"line":58,"column":9},"end":{"line":58,"column":26}},"loc":{"start":{"line":58,"column":45},"end":{"line":69,"column":1}},"line":58},"2":{"name":"(anonymous_2)","decl":{"start":{"line":64,"column":20},"end":{"line":64,"column":21}},"loc":{"start":{"line":64,"column":30},"end":{"line":64,"column":69}},"line":64},"3":{"name":"resolveMetadataPath","decl":{"start":{"line":71,"column":9},"end":{"line":71,"column":28}},"loc":{"start":{"line":71,"column":49},"end":{"line":75,"column":1}},"line":71},"4":{"name":"readMetadataFiles","decl":{"start":{"line":77,"column":9},"end":{"line":77,"column":26}},"loc":{"start":{"line":77,"column":55},"end":{"line":90,"column":1}},"line":77},"5":{"name":"(anonymous_5)","decl":{"start":{"line":79,"column":9},"end":{"line":79,"column":10}},"loc":{"start":{"line":79,"column":23},"end":{"line":88,"column":5}},"line":79},"6":{"name":"parseCitationItems","decl":{"start":{"line":92,"column":9},"end":{"line":92,"column":27}},"loc":{"start":{"line":92,"column":37},"end":{"line":104,"column":1}},"line":92},"7":{"name":"(anonymous_7)","decl":{"start":{"line":93,"column":39},"end":{"line":93,"column":40}},"loc":{"start":{"line":93,"column":49},"end":{"line":93,"column":60}},"line":93},"8":{"name":"escapeAttribute","decl":{"start":{"line":106,"column":9},"end":{"line":106,"column":24}},"loc":{"start":{"line":106,"column":32},"end":{"line":112,"column":1}},"line":106},"9":{"name":"createStyleTemplate","decl":{"start":{"line":114,"column":9},"end":{"line":114,"column":28}},"loc":{"start":{"line":114,"column":34},"end":{"line":124,"column":1}},"line":114},"10":{"name":"createCitationContext","decl":{"start":{"line":126,"column":9},"end":{"line":126,"column":30}},"loc":{"start":{"line":126,"column":51},"end":{"line":149,"column":1}},"line":126},"11":{"name":"renderCitation","decl":{"start":{"line":151,"column":9},"end":{"line":151,"column":23}},"loc":{"start":{"line":151,"column":48},"end":{"line":169,"column":1}},"line":151},"12":{"name":"(anonymous_12)","decl":{"start":{"line":166,"column":26},"end":{"line":166,"column":27}},"loc":{"start":{"line":166,"column":36},"end":{"line":166,"column":43}},"line":166},"13":{"name":"renderBibliography","decl":{"start":{"line":171,"column":9},"end":{"line":171,"column":27}},"loc":{"start":{"line":171,"column":45},"end":{"line":177,"column":1}},"line":171},"14":{"name":"parseReferencesRange","decl":{"start":{"line":179,"column":9},"end":{"line":179,"column":29}},"loc":{"start":{"line":179,"column":40},"end":{"line":189,"column":1}},"line":179},"15":{"name":"sliceBibliographyHtml","decl":{"start":{"line":191,"column":9},"end":{"line":191,"column":30}},"loc":{"start":{"line":191,"column":56},"end":{"line":203,"column":1}},"line":191},"16":{"name":"(anonymous_16)","decl":{"start":{"line":196,"column":4},"end":{"line":196,"column":5}},"loc":{"start":{"line":196,"column":15},"end":{"line":196,"column":23}},"line":196},"17":{"name":"processCitations","decl":{"start":{"line":205,"column":9},"end":{"line":205,"column":25}},"loc":{"start":{"line":205,"column":50},"end":{"line":236,"column":1}},"line":205},"18":{"name":"(anonymous_18)","decl":{"start":{"line":210,"column":9},"end":{"line":210,"column":10}},"loc":{"start":{"line":210,"column":21},"end":{"line":210,"column":79}},"line":210},"19":{"name":"(anonymous_19)","decl":{"start":{"line":211,"column":12},"end":{"line":211,"column":13}},"loc":{"start":{"line":211,"column":23},"end":{"line":211,"column":34}},"line":211},"20":{"name":"(anonymous_20)","decl":{"start":{"line":223,"column":4},"end":{"line":223,"column":5}},"loc":{"start":{"line":223,"column":24},"end":{"line":227,"column":5}},"line":223},"21":{"name":"(anonymous_21)","decl":{"start":{"line":233,"column":4},"end":{"line":233,"column":5}},"loc":{"start":{"line":234,"column":6},"end":{"line":234,"column":73}},"line":234},"22":{"name":"installCitations","decl":{"start":{"line":238,"column":9},"end":{"line":238,"column":25}},"loc":{"start":{"line":238,"column":32},"end":{"line":247,"column":1}},"line":238},"23":{"name":"(anonymous_23)","decl":{"start":{"line":240,"column":16},"end":{"line":240,"column":17}},"loc":{"start":{"line":241,"column":4},"end":{"line":241,"column":82}},"line":241},"24":{"name":"(anonymous_24)","decl":{"start":{"line":244,"column":21},"end":{"line":244,"column":22}},"loc":{"start":{"line":244,"column":32},"end":{"line":244,"column":72}},"line":244}},"branchMap":{"0":{"loc":{"start":{"line":39,"column":4},"end":{"line":40,"column":65}},"type":"binary-expr","locations":[{"start":{"line":39,"column":4},"end":{"line":39,"column":19}},{"start":{"line":40,"column":4},"end":{"line":40,"column":65}}],"line":39},"1":{"loc":{"start":{"line":41,"column":2},"end":{"line":41,"column":40}},"type":"if","locations":[{"start":{"line":41,"column":2},"end":{"line":41,"column":40}},{"start":{},"end":{}}],"line":41},"2":{"loc":{"start":{"line":44,"column":21},"end":{"line":44,"column":62}},"type":"binary-expr","locations":[{"start":{"line":44,"column":21},"end":{"line":44,"column":56}},{"start":{"line":44,"column":60},"end":{"line":44,"column":62}}],"line":44},"3":{"loc":{"start":{"line":45,"column":4},"end":{"line":51,"column":5}},"type":"if","locations":[{"start":{"line":45,"column":4},"end":{"line":51,"column":5}},{"start":{},"end":{}}],"line":45},"4":{"loc":{"start":{"line":46,"column":6},"end":{"line":48,"column":30}},"type":"binary-expr","locations":[{"start":{"line":46,"column":6},"end":{"line":46,"column":14}},{"start":{"line":47,"column":6},"end":{"line":47,"column":34}},{"start":{"line":48,"column":6},"end":{"line":48,"column":30}}],"line":46},"5":{"loc":{"start":{"line":59,"column":2},"end":{"line":61,"column":3}},"type":"if","locations":[{"start":{"line":59,"column":2},"end":{"line":61,"column":3}},{"start":{},"end":{}}],"line":59},"6":{"loc":{"start":{"line":63,"column":17},"end":{"line":63,"column":55}},"type":"cond-expr","locations":[{"start":{"line":63,"column":40},"end":{"line":63,"column":45}},{"start":{"line":63,"column":48},"end":{"line":63,"column":55}}],"line":63},"7":{"loc":{"start":{"line":64,"column":2},"end":{"line":66,"column":3}},"type":"if","locations":[{"start":{"line":64,"column":2},"end":{"line":66,"column":3}},{"start":{},"end":{}}],"line":64},"8":{"loc":{"start":{"line":64,"column":30},"end":{"line":64,"column":69}},"type":"binary-expr","locations":[{"start":{"line":64,"column":30},"end":{"line":64,"column":54}},{"start":{"line":64,"column":58},"end":{"line":64,"column":69}}],"line":64},"9":{"loc":{"start":{"line":72,"column":9},"end":{"line":74,"column":55}},"type":"cond-expr","locations":[{"start":{"line":73,"column":6},"end":{"line":73,"column":14}},{"start":{"line":74,"column":6},"end":{"line":74,"column":55}}],"line":72},"10":{"loc":{"start":{"line":74,"column":19},"end":{"line":74,"column":44}},"type":"binary-expr","locations":[{"start":{"line":74,"column":19},"end":{"line":74,"column":27}},{"start":{"line":74,"column":31},"end":{"line":74,"column":44}}],"line":74},"11":{"loc":{"start":{"line":94,"column":2},"end":{"line":94,"column":38}},"type":"if","locations":[{"start":{"line":94,"column":2},"end":{"line":94,"column":38}},{"start":{},"end":{}}],"line":94},"12":{"loc":{"start":{"line":99,"column":4},"end":{"line":99,"column":63}},"type":"if","locations":[{"start":{"line":99,"column":4},"end":{"line":99,"column":63}},{"start":{},"end":{}}],"line":99},"13":{"loc":{"start":{"line":99,"column":8},"end":{"line":99,"column":49}},"type":"binary-expr","locations":[{"start":{"line":99,"column":8},"end":{"line":99,"column":14}},{"start":{"line":99,"column":18},"end":{"line":99,"column":49}}],"line":99},"14":{"loc":{"start":{"line":119,"column":2},"end":{"line":121,"column":3}},"type":"if","locations":[{"start":{"line":119,"column":2},"end":{"line":121,"column":3}},{"start":{},"end":{}}],"line":119},"15":{"loc":{"start":{"line":133,"column":2},"end":{"line":135,"column":3}},"type":"if","locations":[{"start":{"line":133,"column":2},"end":{"line":135,"column":3}},{"start":{},"end":{}}],"line":133},"16":{"loc":{"start":{"line":153,"column":4},"end":{"line":155,"column":5}},"type":"if","locations":[{"start":{"line":153,"column":4},"end":{"line":155,"column":5}},{"start":{},"end":{}}],"line":153},"17":{"loc":{"start":{"line":180,"column":2},"end":{"line":180,"column":32}},"type":"if","locations":[{"start":{"line":180,"column":2},"end":{"line":180,"column":32}},{"start":{},"end":{}}],"line":180},"18":{"loc":{"start":{"line":180,"column":6},"end":{"line":180,"column":18}},"type":"binary-expr","locations":[{"start":{"line":180,"column":6},"end":{"line":180,"column":11}},{"start":{"line":180,"column":15},"end":{"line":180,"column":18}}],"line":180},"19":{"loc":{"start":{"line":182,"column":16},"end":{"line":182,"column":56}},"type":"cond-expr","locations":[{"start":{"line":182,"column":23},"end":{"line":182,"column":52}},{"start":{"line":182,"column":55},"end":{"line":182,"column":56}}],"line":182},"20":{"loc":{"start":{"line":183,"column":14},"end":{"line":183,"column":54}},"type":"cond-expr","locations":[{"start":{"line":183,"column":19},"end":{"line":183,"column":42}},{"start":{"line":183,"column":45},"end":{"line":183,"column":54}}],"line":183},"21":{"loc":{"start":{"line":184,"column":2},"end":{"line":186,"column":3}},"type":"if","locations":[{"start":{"line":184,"column":2},"end":{"line":186,"column":3}},{"start":{},"end":{}}],"line":184},"22":{"loc":{"start":{"line":184,"column":6},"end":{"line":184,"column":39}},"type":"binary-expr","locations":[{"start":{"line":184,"column":6},"end":{"line":184,"column":23}},{"start":{"line":184,"column":27},"end":{"line":184,"column":39}}],"line":184},"23":{"loc":{"start":{"line":185,"column":49},"end":{"line":185,"column":59}},"type":"binary-expr","locations":[{"start":{"line":185,"column":49},"end":{"line":185,"column":53}},{"start":{"line":185,"column":57},"end":{"line":185,"column":59}}],"line":185},"24":{"loc":{"start":{"line":185,"column":63},"end":{"line":185,"column":71}},"type":"binary-expr","locations":[{"start":{"line":185,"column":63},"end":{"line":185,"column":65}},{"start":{"line":185,"column":69},"end":{"line":185,"column":71}}],"line":185},"25":{"loc":{"start":{"line":192,"column":2},"end":{"line":192,"column":38}},"type":"if","locations":[{"start":{"line":192,"column":2},"end":{"line":192,"column":38}},{"start":{},"end":{}}],"line":192},"26":{"loc":{"start":{"line":200,"column":2},"end":{"line":200,"column":52}},"type":"if","locations":[{"start":{"line":200,"column":2},"end":{"line":200,"column":52}},{"start":{},"end":{}}],"line":200},"27":{"loc":{"start":{"line":205,"column":36},"end":{"line":205,"column":48}},"type":"default-arg","locations":[{"start":{"line":205,"column":46},"end":{"line":205,"column":48}}],"line":205},"28":{"loc":{"start":{"line":213,"column":2},"end":{"line":213,"column":50}},"type":"if","locations":[{"start":{"line":213,"column":2},"end":{"line":213,"column":50}},{"start":{},"end":{}}],"line":213},"29":{"loc":{"start":{"line":214,"column":2},"end":{"line":218,"column":3}},"type":"if","locations":[{"start":{"line":214,"column":2},"end":{"line":218,"column":3}},{"start":{},"end":{}}],"line":214},"30":{"loc":{"start":{"line":214,"column":6},"end":{"line":214,"column":53}},"type":"binary-expr","locations":[{"start":{"line":214,"column":6},"end":{"line":214,"column":30}},{"start":{"line":214,"column":34},"end":{"line":214,"column":53}}],"line":214},"31":{"loc":{"start":{"line":225,"column":6},"end":{"line":225,"column":31}},"type":"if","locations":[{"start":{"line":225,"column":6},"end":{"line":225,"column":31}},{"start":{},"end":{}}],"line":225},"32":{"loc":{"start":{"line":240,"column":27},"end":{"line":240,"column":35}},"type":"default-arg","locations":[{"start":{"line":240,"column":33},"end":{"line":240,"column":35}}],"line":240}},"s":{"0":4,"1":4,"2":4,"3":4,"4":4,"5":4,"6":4,"7":4,"8":4,"9":4,"10":4,"11":4,"12":4,"13":7,"14":7,"15":7,"16":7,"17":0,"18":7,"19":7,"20":7,"21":7,"22":0,"23":0,"24":14,"25":1,"26":13,"27":13,"28":13,"29":0,"30":13,"31":12,"32":12,"33":12,"34":12,"35":12,"36":0,"37":16,"38":21,"39":16,"40":0,"41":16,"42":16,"43":21,"44":21,"45":1,"46":20,"47":15,"48":6,"49":6,"50":6,"51":6,"52":6,"53":1,"54":6,"55":7,"56":7,"57":7,"58":6,"59":0,"60":6,"61":6,"62":6,"63":6,"64":8,"65":8,"66":6,"67":6,"68":8,"69":6,"70":6,"71":7,"72":4,"73":3,"74":3,"75":3,"76":0,"77":3,"78":7,"79":4,"80":3,"81":3,"82":6,"83":3,"84":3,"85":0,"86":3,"87":21,"88":21,"89":21,"90":21,"91":8,"92":8,"93":21,"94":13,"95":8,"96":1,"97":7,"98":6,"99":6,"100":6,"101":0,"102":6,"103":6,"104":6,"105":7,"106":14,"107":14,"108":13,"109":14,"110":14,"111":13,"112":14,"113":4},"f":{"0":7,"1":14,"2":13,"3":12,"4":12,"5":12,"6":16,"7":21,"8":6,"9":6,"10":7,"11":6,"12":8,"13":6,"14":7,"15":7,"16":6,"17":21,"18":8,"19":8,"20":6,"21":7,"22":14,"23":13,"24":13},"b":{"0":[7,1],"1":[0,7],"2":[7,0],"3":[7,0],"4":[7,7,7],"5":[1,13],"6":[0,13],"7":[0,13],"8":[13,13],"9":[0,12],"10":[12,0],"11":[0,16],"12":[1,20],"13":[21,20],"14":[1,5],"15":[0,6],"16":[8,0],"17":[4,3],"18":[7,5],"19":[2,1],"20":[2,1],"21":[0,3],"22":[3,2],"23":[0,0],"24":[0,0],"25":[4,3],"26":[0,3],"27":[1],"28":[13,8],"29":[1,7],"30":[8,8],"31":[0,6],"32":[4]},"_coverageSchema":"1a1c01bbd47fc00a2c39e90264f33305004495a9","hash":"5b6ece44bad04db1265b0286313c6dcce8447e69"}
,"/Users/kdmsnr/src/github.com/kdmsnr/marp-preview/app/exporter.js": {"path":"/Users/kdmsnr/src/github.com/kdmsnr/marp-preview/app/exporter.js","statementMap":{"0":{"start":{"line":1,"column":11},"end":{"line":1,"column":24}},"1":{"start":{"line":2,"column":19},"end":{"line":2,"column":30}},"2":{"start":{"line":3,"column":13},"end":{"line":3,"column":28}},"3":{"start":{"line":4,"column":19},"end":{"line":4,"column":38}},"4":{"start":{"line":5,"column":16},"end":{"line":5,"column":46}},"5":{"start":{"line":6,"column":46},"end":{"line":6,"column":64}},"6":{"start":{"line":8,"column":19},"end":{"line":8,"column":56}},"7":{"start":{"line":11,"column":22},"end":{"line":11,"column":35}},"8":{"start":{"line":12,"column":2},"end":{"line":27,"column":3}},"9":{"start":{"line":13,"column":4},"end":{"line":13,"column":39}},"10":{"start":{"line":14,"column":21},"end":{"line":21,"column":6}},"11":{"start":{"line":22,"column":4},"end":{"line":24,"column":5}},"12":{"start":{"line":23,"column":6},"end":{"line":23,"column":63}},"13":{"start":{"line":26,"column":4},"end":{"line":26,"column":31}},"14":{"start":{"line":31,"column":26},"end":{"line":31,"column":46}},"15":{"start":{"line":32,"column":2},"end":{"line":35,"column":3}},"16":{"start":{"line":33,"column":4},"end":{"line":33,"column":80}},"17":{"start":{"line":34,"column":4},"end":{"line":34,"column":11}},"18":{"start":{"line":37,"column":21},"end":{"line":37,"column":36}},"19":{"start":{"line":38,"column":26},"end":{"line":38,"column":102}},"20":{"start":{"line":39,"column":33},"end":{"line":42,"column":4}},"21":{"start":{"line":43,"column":2},"end":{"line":43,"column":36}},"22":{"start":{"line":43,"column":29},"end":{"line":43,"column":36}},"23":{"start":{"line":45,"column":2},"end":{"line":55,"column":3}},"24":{"start":{"line":46,"column":4},"end":{"line":46,"column":48}},"25":{"start":{"line":47,"column":4},"end":{"line":47,"column":57}},"26":{"start":{"line":48,"column":4},"end":{"line":52,"column":7}},"27":{"start":{"line":54,"column":4},"end":{"line":54,"column":52}},"28":{"start":{"line":58,"column":0},"end":{"line":60,"column":2}}},"fnMap":{"0":{"name":"runMarpCLI","decl":{"start":{"line":10,"column":15},"end":{"line":10,"column":25}},"loc":{"start":{"line":10,"column":41},"end":{"line":28,"column":1}},"line":10},"1":{"name":"exportFile","decl":{"start":{"line":30,"column":15},"end":{"line":30,"column":25}},"loc":{"start":{"line":30,"column":34},"end":{"line":56,"column":1}},"line":30}},"branchMap":{"0":{"loc":{"start":{"line":22,"column":4},"end":{"line":24,"column":5}},"type":"if","locations":[{"start":{"line":22,"column":4},"end":{"line":24,"column":5}},{"start":{},"end":{}}],"line":22},"1":{"loc":{"start":{"line":32,"column":2},"end":{"line":35,"column":3}},"type":"if","locations":[{"start":{"line":32,"column":2},"end":{"line":35,"column":3}},{"start":{},"end":{}}],"line":32},"2":{"loc":{"start":{"line":43,"column":2},"end":{"line":43,"column":36}},"type":"if","locations":[{"start":{"line":43,"column":2},"end":{"line":43,"column":36}},{"start":{},"end":{}}],"line":43},"3":{"loc":{"start":{"line":43,"column":6},"end":{"line":43,"column":27}},"type":"binary-expr","locations":[{"start":{"line":43,"column":6},"end":{"line":43,"column":14}},{"start":{"line":43,"column":18},"end":{"line":43,"column":27}}],"line":43}},"s":{"0":1,"1":1,"2":1,"3":1,"4":1,"5":1,"6":1,"7":2,"8":2,"9":2,"10":2,"11":2,"12":1,"13":2,"14":4,"15":4,"16":1,"17":1,"18":3,"19":3,"20":3,"21":3,"22":1,"23":2,"24":2,"25":1,"26":1,"27":1,"28":1},"f":{"0":2,"1":4},"b":{"0":[1,1],"1":[1,3],"2":[1,2],"3":[3,2]},"_coverageSchema":"1a1c01bbd47fc00a2c39e90264f33305004495a9","hash":"813a3f61d7523f789eed612e63509ec660ef8941"}
,"/Users/kdmsnr/src/github.com/kdmsnr/marp-preview/app/fileDialog.js": {"path":"/Users/kdmsnr/src/github.com/kdmsnr/marp-preview/app/fileDialog.js","statementMap":{"0":{"start":{"line":1,"column":19},"end":{"line":1,"column":38}},"1":{"start":{"line":2,"column":29},"end":{"line":2,"column":52}},"2":{"start":{"line":3,"column":21},"end":{"line":3,"column":44}},"3":{"start":{"line":6,"column":21},"end":{"line":6,"column":39}},"4":{"start":{"line":8,"column":2},"end":{"line":20,"column":3}},"5":{"start":{"line":9,"column":19},"end":{"line":12,"column":6}},"6":{"start":{"line":14,"column":4},"end":{"line":16,"column":5}},"7":{"start":{"line":15,"column":6},"end":{"line":15,"column":36}},"8":{"start":{"line":18,"column":4},"end":{"line":18,"column":23}},"9":{"start":{"line":19,"column":4},"end":{"line":19,"column":77}},"10":{"start":{"line":23,"column":0},"end":{"line":25,"column":2}}},"fnMap":{"0":{"name":"openFile","decl":{"start":{"line":5,"column":15},"end":{"line":5,"column":23}},"loc":{"start":{"line":5,"column":26},"end":{"line":21,"column":1}},"line":5}},"branchMap":{"0":{"loc":{"start":{"line":14,"column":4},"end":{"line":16,"column":5}},"type":"if","locations":[{"start":{"line":14,"column":4},"end":{"line":16,"column":5}},{"start":{},"end":{}}],"line":14},"1":{"loc":{"start":{"line":14,"column":8},"end":{"line":14,"column":55}},"type":"binary-expr","locations":[{"start":{"line":14,"column":8},"end":{"line":14,"column":24}},{"start":{"line":14,"column":28},"end":{"line":14,"column":55}}],"line":14}},"s":{"0":1,"1":1,"2":1,"3":3,"4":3,"5":3,"6":2,"7":1,"8":1,"9":1,"10":1},"f":{"0":3},"b":{"0":[1,1],"1":[2,1]},"_coverageSchema":"1a1c01bbd47fc00a2c39e90264f33305004495a9","hash":"151b93c14cb4462f4841892329a1d44df1dbd2f9"}
,"/Users/kdmsnr/src/github.com/kdmsnr/marp-preview/app/fileLoader.js": {"path":"/Users/kdmsnr/src/github.com/kdmsnr/marp-preview/app/fileLoader.js","statementMap":{"0":{"start":{"line":1,"column":31},"end":{"line":1,"column":49}},"1":{"start":{"line":2,"column":26},"end":{"line":2,"column":55}},"2":{"start":{"line":3,"column":26},"end":{"line":3,"column":50}},"3":{"start":{"line":4,"column":26},"end":{"line":4,"column":50}},"4":{"start":{"line":7,"column":2},"end":{"line":9,"column":3}},"5":{"start":{"line":8,"column":4},"end":{"line":8,"column":17}},"6":{"start":{"line":11,"column":2},"end":{"line":11,"column":31}},"7":{"start":{"line":12,"column":2},"end":{"line":12,"column":26}},"8":{"start":{"line":13,"column":2},"end":{"line":13,"column":26}},"9":{"start":{"line":14,"column":2},"end":{"line":14,"column":26}},"10":{"start":{"line":15,"column":2},"end":{"line":15,"column":14}},"11":{"start":{"line":18,"column":0},"end":{"line":20,"column":2}}},"fnMap":{"0":{"name":"loadFile","decl":{"start":{"line":6,"column":9},"end":{"line":6,"column":17}},"loc":{"start":{"line":6,"column":28},"end":{"line":16,"column":1}},"line":6}},"branchMap":{"0":{"loc":{"start":{"line":7,"column":2},"end":{"line":9,"column":3}},"type":"if","locations":[{"start":{"line":7,"column":2},"end":{"line":9,"column":3}},{"start":{},"end":{}}],"line":7}},"s":{"0":1,"1":1,"2":1,"3":1,"4":2,"5":1,"6":1,"7":1,"8":1,"9":1,"10":1,"11":1},"f":{"0":2},"b":{"0":[1,1]},"_coverageSchema":"1a1c01bbd47fc00a2c39e90264f33305004495a9","hash":"fef52b5592e6f883be4bcd05accc7c15efa85c1a"}
,"/Users/kdmsnr/src/github.com/kdmsnr/marp-preview/app/fileWatcher.js": {"path":"/Users/kdmsnr/src/github.com/kdmsnr/marp-preview/app/fileWatcher.js","statementMap":{"0":{"start":{"line":1,"column":17},"end":{"line":1,"column":36}},"1":{"start":{"line":8,"column":4},"end":{"line":8,"column":22}},"2":{"start":{"line":9,"column":26},"end":{"line":9,"column":55}},"3":{"start":{"line":11,"column":20},"end":{"line":11,"column":24}},"4":{"start":{"line":14,"column":2},"end":{"line":17,"column":3}},"5":{"start":{"line":15,"column":4},"end":{"line":15,"column":32}},"6":{"start":{"line":16,"column":4},"end":{"line":16,"column":25}},"7":{"start":{"line":21,"column":2},"end":{"line":21,"column":23}},"8":{"start":{"line":22,"column":18},"end":{"line":22,"column":30}},"9":{"start":{"line":23,"column":2},"end":{"line":26,"column":3}},"10":{"start":{"line":24,"column":4},"end":{"line":24,"column":20}},"11":{"start":{"line":25,"column":4},"end":{"line":25,"column":19}},"12":{"start":{"line":30,"column":2},"end":{"line":30,"column":17}},"13":{"start":{"line":32,"column":18},"end":{"line":38,"column":4}},"14":{"start":{"line":40,"column":2},"end":{"line":40,"column":22}},"15":{"start":{"line":42,"column":2},"end":{"line":48,"column":5}},"16":{"start":{"line":43,"column":4},"end":{"line":43,"column":25}},"17":{"start":{"line":44,"column":4},"end":{"line":47,"column":12}},"18":{"start":{"line":45,"column":6},"end":{"line":45,"column":33}},"19":{"start":{"line":46,"column":6},"end":{"line":46,"column":27}},"20":{"start":{"line":50,"column":2},"end":{"line":58,"column":5}},"21":{"start":{"line":51,"column":23},"end":{"line":51,"column":38}},"22":{"start":{"line":52,"column":4},"end":{"line":55,"column":5}},"23":{"start":{"line":53,"column":6},"end":{"line":53,"column":74}},"24":{"start":{"line":54,"column":6},"end":{"line":54,"column":42}},"25":{"start":{"line":56,"column":4},"end":{"line":56,"column":29}},"26":{"start":{"line":57,"column":4},"end":{"line":57,"column":19}},"27":{"start":{"line":61,"column":0},"end":{"line":64,"column":2}}},"fnMap":{"0":{"name":"clearPendingRender","decl":{"start":{"line":13,"column":9},"end":{"line":13,"column":27}},"loc":{"start":{"line":13,"column":30},"end":{"line":18,"column":1}},"line":13},"1":{"name":"stopWatching","decl":{"start":{"line":20,"column":9},"end":{"line":20,"column":21}},"loc":{"start":{"line":20,"column":24},"end":{"line":27,"column":1}},"line":20},"2":{"name":"startWatching","decl":{"start":{"line":29,"column":9},"end":{"line":29,"column":22}},"loc":{"start":{"line":29,"column":33},"end":{"line":59,"column":1}},"line":29},"3":{"name":"(anonymous_3)","decl":{"start":{"line":42,"column":23},"end":{"line":42,"column":24}},"loc":{"start":{"line":42,"column":40},"end":{"line":48,"column":3}},"line":42},"4":{"name":"(anonymous_4)","decl":{"start":{"line":44,"column":31},"end":{"line":44,"column":32}},"loc":{"start":{"line":44,"column":37},"end":{"line":47,"column":5}},"line":44},"5":{"name":"(anonymous_5)","decl":{"start":{"line":50,"column":23},"end":{"line":50,"column":24}},"loc":{"start":{"line":50,"column":29},"end":{"line":58,"column":3}},"line":50}},"branchMap":{"0":{"loc":{"start":{"line":14,"column":2},"end":{"line":17,"column":3}},"type":"if","locations":[{"start":{"line":14,"column":2},"end":{"line":17,"column":3}},{"start":{},"end":{}}],"line":14},"1":{"loc":{"start":{"line":23,"column":2},"end":{"line":26,"column":3}},"type":"if","locations":[{"start":{"line":23,"column":2},"end":{"line":26,"column":3}},{"start":{},"end":{}}],"line":23},"2":{"loc":{"start":{"line":52,"column":4},"end":{"line":55,"column":5}},"type":"if","locations":[{"start":{"line":52,"column":4},"end":{"line":55,"column":5}},{"start":{},"end":{}}],"line":52},"3":{"loc":{"start":{"line":52,"column":8},"end":{"line":52,"column":47}},"type":"binary-expr","locations":[{"start":{"line":52,"column":8},"end":{"line":52,"column":18}},{"start":{"line":52,"column":22},"end":{"line":52,"column":47}}],"line":52}},"s":{"0":1,"1":1,"2":1,"3":1,"4":10,"5":1,"6":1,"7":8,"8":8,"9":8,"10":3,"11":3,"12":5,"13":5,"14":5,"15":5,"16":2,"17":2,"18":1,"19":1,"20":5,"21":1,"22":1,"23":1,"24":1,"25":1,"26":1,"27":1},"f":{"0":10,"1":8,"2":5,"3":2,"4":1,"5":1},"b":{"0":[1,9],"1":[3,5],"2":[1,0],"3":[1,1]},"_coverageSchema":"1a1c01bbd47fc00a2c39e90264f33305004495a9","hash":"a6ea8bd44bd349f294fd7bd4ffbc35c04c779fb0"}
,"/Users/kdmsnr/src/github.com/kdmsnr/marp-preview/app/footnotes.js": {"path":"/Users/kdmsnr/src/github.com/kdmsnr/marp-preview/app/footnotes.js","statementMap":{"0":{"start":{"line":1,"column":23},"end":{"line":1,"column":54}},"1":{"start":{"line":3,"column":21},"end":{"line":72,"column":8}},"2":{"start":{"line":75,"column":17},"end":{"line":75,"column":60}},"3":{"start":{"line":76,"column":2},"end":{"line":76,"column":31}},"4":{"start":{"line":77,"column":2},"end":{"line":77,"column":71}},"5":{"start":{"line":77,"column":19},"end":{"line":77,"column":71}},"6":{"start":{"line":77,"column":60},"end":{"line":77,"column":69}},"7":{"start":{"line":78,"column":2},"end":{"line":78,"column":71}},"8":{"start":{"line":78,"column":22},"end":{"line":78,"column":71}},"9":{"start":{"line":79,"column":2},"end":{"line":79,"column":50}},"10":{"start":{"line":79,"column":18},"end":{"line":79,"column":50}},"11":{"start":{"line":80,"column":2},"end":{"line":80,"column":45}},"12":{"start":{"line":80,"column":17},"end":{"line":80,"column":45}},"13":{"start":{"line":81,"column":2},"end":{"line":81,"column":16}},"14":{"start":{"line":85,"column":16},"end":{"line":85,"column":18}},"15":{"start":{"line":87,"column":26},"end":{"line":87,"column":27}},"16":{"start":{"line":88,"column":24},"end":{"line":88,"column":29}},"17":{"start":{"line":89,"column":19},"end":{"line":89,"column":20}},"18":{"start":{"line":90,"column":29},"end":{"line":90,"column":38}},"19":{"start":{"line":91,"column":20},"end":{"line":91,"column":22}},"20":{"start":{"line":93,"column":27},"end":{"line":111,"column":3}},"21":{"start":{"line":94,"column":16},"end":{"line":94,"column":46}},"22":{"start":{"line":95,"column":4},"end":{"line":95,"column":34}},"23":{"start":{"line":96,"column":4},"end":{"line":98,"column":5}},"24":{"start":{"line":97,"column":6},"end":{"line":97,"column":51}},"25":{"start":{"line":100,"column":24},"end":{"line":100,"column":64}},"26":{"start":{"line":101,"column":26},"end":{"line":103,"column":5}},"27":{"start":{"line":102,"column":22},"end":{"line":102,"column":48}},"28":{"start":{"line":104,"column":23},"end":{"line":104,"column":37}},"29":{"start":{"line":106,"column":4},"end":{"line":110,"column":5}},"30":{"start":{"line":107,"column":6},"end":{"line":107,"column":46}},"31":{"start":{"line":109,"column":6},"end":{"line":109,"column":35}},"32":{"start":{"line":113,"column":2},"end":{"line":139,"column":5}},"33":{"start":{"line":114,"column":4},"end":{"line":117,"column":5}},"34":{"start":{"line":115,"column":6},"end":{"line":115,"column":22}},"35":{"start":{"line":116,"column":6},"end":{"line":116,"column":18}},"36":{"start":{"line":119,"column":4},"end":{"line":125,"column":5}},"37":{"start":{"line":120,"column":6},"end":{"line":120,"column":29}},"38":{"start":{"line":121,"column":6},"end":{"line":121,"column":19}},"39":{"start":{"line":122,"column":6},"end":{"line":122,"column":38}},"40":{"start":{"line":123,"column":6},"end":{"line":123,"column":37}},"41":{"start":{"line":124,"column":6},"end":{"line":124,"column":19}},"42":{"start":{"line":127,"column":4},"end":{"line":131,"column":5}},"43":{"start":{"line":128,"column":6},"end":{"line":128,"column":30}},"44":{"start":{"line":129,"column":6},"end":{"line":129,"column":65}},"45":{"start":{"line":130,"column":6},"end":{"line":130,"column":19}},"46":{"start":{"line":133,"column":4},"end":{"line":136,"column":5}},"47":{"start":{"line":134,"column":6},"end":{"line":134,"column":26}},"48":{"start":{"line":135,"column":6},"end":{"line":135,"column":19}},"49":{"start":{"line":138,"column":4},"end":{"line":138,"column":16}},"50":{"start":{"line":141,"column":2},"end":{"line":141,"column":43}},"51":{"start":{"line":145,"column":2},"end":{"line":150,"column":4}},"52":{"start":{"line":154,"column":2},"end":{"line":154,"column":66}},"53":{"start":{"line":154,"column":33},"end":{"line":154,"column":66}},"54":{"start":{"line":156,"column":13},"end":{"line":156,"column":32}},"55":{"start":{"line":157,"column":2},"end":{"line":157,"column":32}},"56":{"start":{"line":158,"column":2},"end":{"line":158,"column":30}},"57":{"start":{"line":159,"column":2},"end":{"line":159,"column":12}},"58":{"start":{"line":163,"column":29},"end":{"line":165,"column":3}},"59":{"start":{"line":164,"column":36},"end":{"line":164,"column":66}},"60":{"start":{"line":166,"column":35},"end":{"line":166,"column":44}},"61":{"start":{"line":167,"column":22},"end":{"line":167,"column":31}},"62":{"start":{"line":169,"column":2},"end":{"line":196,"column":5}},"63":{"start":{"line":170,"column":4},"end":{"line":170,"column":61}},"64":{"start":{"line":170,"column":54},"end":{"line":170,"column":61}},"65":{"start":{"line":171,"column":4},"end":{"line":171,"column":50}},"66":{"start":{"line":171,"column":43},"end":{"line":171,"column":50}},"67":{"start":{"line":176,"column":4},"end":{"line":187,"column":5}},"68":{"start":{"line":177,"column":25},"end":{"line":177,"column":65}},"69":{"start":{"line":178,"column":6},"end":{"line":178,"column":30}},"70":{"start":{"line":178,"column":23},"end":{"line":178,"column":30}},"71":{"start":{"line":180,"column":6},"end":{"line":180,"column":38}},"72":{"start":{"line":181,"column":6},"end":{"line":181,"column":43}},"73":{"start":{"line":182,"column":6},"end":{"line":182,"column":51}},"74":{"start":{"line":184,"column":6},"end":{"line":184,"column":38}},"75":{"start":{"line":185,"column":6},"end":{"line":185,"column":53}},"76":{"start":{"line":186,"column":6},"end":{"line":186,"column":28}},"77":{"start":{"line":186,"column":21},"end":{"line":186,"column":28}},"78":{"start":{"line":189,"column":15},"end":{"line":189,"column":61}},"79":{"start":{"line":190,"column":18},"end":{"line":190,"column":43}},"80":{"start":{"line":191,"column":4},"end":{"line":191,"column":36}},"81":{"start":{"line":193,"column":4},"end":{"line":193,"column":23}},"82":{"start":{"line":194,"column":4},"end":{"line":194,"column":29}},"83":{"start":{"line":195,"column":4},"end":{"line":195,"column":60}},"84":{"start":{"line":195,"column":26},"end":{"line":195,"column":60}},"85":{"start":{"line":198,"column":2},"end":{"line":198,"column":34}},"86":{"start":{"line":202,"column":2},"end":{"line":202,"column":27}},"87":{"start":{"line":202,"column":17},"end":{"line":202,"column":27}},"88":{"start":{"line":203,"column":2},"end":{"line":203,"column":46}},"89":{"start":{"line":203,"column":23},"end":{"line":203,"column":46}},"90":{"start":{"line":204,"column":2},"end":{"line":204,"column":67}},"91":{"start":{"line":204,"column":22},"end":{"line":204,"column":67}},"92":{"start":{"line":205,"column":2},"end":{"line":205,"column":12}},"93":{"start":{"line":209,"column":2},"end":{"line":212,"column":3}},"94":{"start":{"line":210,"column":4},"end":{"line":210,"column":19}},"95":{"start":{"line":211,"column":4},"end":{"line":211,"column":64}},"96":{"start":{"line":211,"column":24},"end":{"line":211,"column":64}},"97":{"start":{"line":216,"column":20},"end":{"line":216,"column":29}},"98":{"start":{"line":217,"column":18},"end":{"line":217,"column":20}},"99":{"start":{"line":219,"column":23},"end":{"line":234,"column":3}},"100":{"start":{"line":220,"column":4},"end":{"line":220,"column":61}},"101":{"start":{"line":220,"column":54},"end":{"line":220,"column":61}},"102":{"start":{"line":221,"column":4},"end":{"line":221,"column":50}},"103":{"start":{"line":221,"column":43},"end":{"line":221,"column":50}},"104":{"start":{"line":223,"column":18},"end":{"line":223,"column":77}},"105":{"start":{"line":224,"column":4},"end":{"line":230,"column":5}},"106":{"start":{"line":225,"column":6},"end":{"line":228,"column":9}},"107":{"start":{"line":229,"column":6},"end":{"line":229,"column":34}},"108":{"start":{"line":232,"column":4},"end":{"line":232,"column":60}},"109":{"start":{"line":233,"column":4},"end":{"line":233,"column":51}},"110":{"start":{"line":236,"column":2},"end":{"line":236,"column":44}},"111":{"start":{"line":238,"column":2},"end":{"line":243,"column":3}},"112":{"start":{"line":238,"column":19},"end":{"line":238,"column":20}},"113":{"start":{"line":239,"column":15},"end":{"line":239,"column":29}},"114":{"start":{"line":240,"column":26},"end":{"line":240,"column":71}},"115":{"start":{"line":242,"column":4},"end":{"line":242,"column":48}},"116":{"start":{"line":245,"column":2},"end":{"line":245,"column":19}},"117":{"start":{"line":249,"column":29},"end":{"line":249,"column":70}},"118":{"start":{"line":250,"column":2},"end":{"line":250,"column":34}},"119":{"start":{"line":252,"column":22},"end":{"line":252,"column":54}},"120":{"start":{"line":253,"column":2},"end":{"line":253,"column":57}},"121":{"start":{"line":254,"column":2},"end":{"line":254,"column":41}},"122":{"start":{"line":256,"column":30},"end":{"line":256,"column":73}},"123":{"start":{"line":257,"column":2},"end":{"line":257,"column":35}},"124":{"start":{"line":259,"column":2},"end":{"line":259,"column":64}},"125":{"start":{"line":271,"column":19},"end":{"line":271,"column":27}},"126":{"start":{"line":272,"column":2},"end":{"line":272,"column":24}},"127":{"start":{"line":272,"column":17},"end":{"line":272,"column":24}},"128":{"start":{"line":274,"column":20},"end":{"line":274,"column":59}},"129":{"start":{"line":275,"column":2},"end":{"line":275,"column":57}},"130":{"start":{"line":276,"column":2},"end":{"line":276,"column":31}},"131":{"start":{"line":278,"column":24},"end":{"line":280,"column":67}},"132":{"start":{"line":282,"column":2},"end":{"line":282,"column":38}},"133":{"start":{"line":284,"column":22},"end":{"line":284,"column":26}},"134":{"start":{"line":285,"column":2},"end":{"line":287,"column":3}},"135":{"start":{"line":286,"column":4},"end":{"line":286,"column":39}},"136":{"start":{"line":289,"column":2},"end":{"line":295,"column":7}},"137":{"start":{"line":290,"column":20},"end":{"line":290,"column":25}},"138":{"start":{"line":292,"column":26},"end":{"line":292,"column":67}},"139":{"start":{"line":293,"column":6},"end":{"line":293,"column":70}},"140":{"start":{"line":294,"column":6},"end":{"line":294,"column":37}},"141":{"start":{"line":297,"column":2},"end":{"line":297,"column":54}},"142":{"start":{"line":297,"column":21},"end":{"line":297,"column":54}},"143":{"start":{"line":298,"column":2},"end":{"line":298,"column":63}},"144":{"start":{"line":302,"column":24},"end":{"line":304,"column":3}},"145":{"start":{"line":305,"column":2},"end":{"line":305,"column":41}},"146":{"start":{"line":305,"column":34},"end":{"line":305,"column":41}},"147":{"start":{"line":307,"column":20},"end":{"line":307,"column":59}},"148":{"start":{"line":308,"column":2},"end":{"line":308,"column":42}},"149":{"start":{"line":309,"column":2},"end":{"line":309,"column":31}},"150":{"start":{"line":310,"column":2},"end":{"line":310,"column":38}},"151":{"start":{"line":311,"column":2},"end":{"line":311,"column":63}},"152":{"start":{"line":321,"column":23},"end":{"line":321,"column":70}},"153":{"start":{"line":323,"column":2},"end":{"line":325,"column":3}},"154":{"start":{"line":324,"column":4},"end":{"line":324,"column":81}},"155":{"start":{"line":327,"column":2},"end":{"line":329,"column":3}},"156":{"start":{"line":328,"column":4},"end":{"line":328,"column":67}},"157":{"start":{"line":331,"column":2},"end":{"line":331,"column":69}},"158":{"start":{"line":332,"column":2},"end":{"line":332,"column":22}},"159":{"start":{"line":343,"column":2},"end":{"line":343,"column":36}},"160":{"start":{"line":345,"column":35},"end":{"line":349,"column":3}},"161":{"start":{"line":350,"column":25},"end":{"line":354,"column":3}},"162":{"start":{"line":355,"column":22},"end":{"line":357,"column":40}},"163":{"start":{"line":356,"column":28},"end":{"line":356,"column":73}},"164":{"start":{"line":357,"column":25},"end":{"line":357,"column":39}},"165":{"start":{"line":358,"column":2},"end":{"line":358,"column":68}},"166":{"start":{"line":358,"column":61},"end":{"line":358,"column":68}},"167":{"start":{"line":360,"column":2},"end":{"line":368,"column":4}},"168":{"start":{"line":372,"column":2},"end":{"line":372,"column":35}},"169":{"start":{"line":372,"column":28},"end":{"line":372,"column":35}},"170":{"start":{"line":374,"column":44},"end":{"line":374,"column":73}},"171":{"start":{"line":375,"column":18},"end":{"line":378,"column":3}},"172":{"start":{"line":380,"column":23},"end":{"line":380,"column":25}},"173":{"start":{"line":381,"column":20},"end":{"line":381,"column":22}},"174":{"start":{"line":382,"column":19},"end":{"line":382,"column":20}},"175":{"start":{"line":384,"column":2},"end":{"line":400,"column":3}},"176":{"start":{"line":385,"column":4},"end":{"line":399,"column":5}},"177":{"start":{"line":386,"column":6},"end":{"line":393,"column":8}},"178":{"start":{"line":394,"column":6},"end":{"line":394,"column":31}},"179":{"start":{"line":395,"column":6},"end":{"line":395,"column":23}},"180":{"start":{"line":396,"column":6},"end":{"line":396,"column":22}},"181":{"start":{"line":398,"column":6},"end":{"line":398,"column":30}},"182":{"start":{"line":402,"column":2},"end":{"line":409,"column":4}},"183":{"start":{"line":410,"column":2},"end":{"line":410,"column":30}},"184":{"start":{"line":414,"column":2},"end":{"line":414,"column":27}},"185":{"start":{"line":416,"column":2},"end":{"line":416,"column":57}},"186":{"start":{"line":417,"column":2},"end":{"line":421,"column":4}},"187":{"start":{"line":423,"column":2},"end":{"line":429,"column":4}},"188":{"start":{"line":424,"column":15},"end":{"line":426,"column":36}},"189":{"start":{"line":428,"column":4},"end":{"line":428,"column":75}},"190":{"start":{"line":430,"column":2},"end":{"line":430,"column":78}},"191":{"start":{"line":430,"column":60},"end":{"line":430,"column":77}},"192":{"start":{"line":431,"column":29},"end":{"line":431,"column":71}},"193":{"start":{"line":432,"column":2},"end":{"line":444,"column":4}},"194":{"start":{"line":439,"column":4},"end":{"line":441,"column":5}},"195":{"start":{"line":440,"column":6},"end":{"line":440,"column":63}},"196":{"start":{"line":443,"column":4},"end":{"line":443,"column":63}},"197":{"start":{"line":445,"column":2},"end":{"line":454,"column":4}},"198":{"start":{"line":446,"column":17},"end":{"line":446,"column":39}},"199":{"start":{"line":448,"column":6},"end":{"line":448,"column":69}},"200":{"start":{"line":450,"column":4},"end":{"line":450,"column":31}},"201":{"start":{"line":451,"column":4},"end":{"line":451,"column":51}},"202":{"start":{"line":451,"column":24},"end":{"line":451,"column":51}},"203":{"start":{"line":453,"column":4},"end":{"line":453,"column":25}},"204":{"start":{"line":456,"column":22},"end":{"line":456,"column":49}},"205":{"start":{"line":457,"column":2},"end":{"line":457,"column":73}},"206":{"start":{"line":457,"column":32},"end":{"line":457,"column":72}},"207":{"start":{"line":459,"column":2},"end":{"line":459,"column":14}},"208":{"start":{"line":462,"column":0},"end":{"line":466,"column":2}}},"fnMap":{"0":{"name":"cloneToken","decl":{"start":{"line":74,"column":9},"end":{"line":74,"column":19}},"loc":{"start":{"line":74,"column":27},"end":{"line":82,"column":1}},"line":74},"1":{"name":"(anonymous_1)","decl":{"start":{"line":77,"column":50},"end":{"line":77,"column":51}},"loc":{"start":{"line":77,"column":60},"end":{"line":77,"column":69}},"line":77},"2":{"name":"collectReferenceTokens","decl":{"start":{"line":84,"column":9},"end":{"line":84,"column":31}},"loc":{"start":{"line":84,"column":39},"end":{"line":142,"column":1}},"line":84},"3":{"name":"(anonymous_3)","decl":{"start":{"line":93,"column":27},"end":{"line":93,"column":28}},"loc":{"start":{"line":93,"column":64},"end":{"line":111,"column":3}},"line":93},"4":{"name":"(anonymous_4)","decl":{"start":{"line":102,"column":6},"end":{"line":102,"column":7}},"loc":{"start":{"line":102,"column":22},"end":{"line":102,"column":48}},"line":102},"5":{"name":"(anonymous_5)","decl":{"start":{"line":113,"column":37},"end":{"line":113,"column":38}},"loc":{"start":{"line":113,"column":48},"end":{"line":139,"column":3}},"line":113},"6":{"name":"createFootnoteContext","decl":{"start":{"line":144,"column":9},"end":{"line":144,"column":30}},"loc":{"start":{"line":144,"column":56},"end":{"line":151,"column":1}},"line":144},"7":{"name":"assignScopedFootnoteId","decl":{"start":{"line":153,"column":9},"end":{"line":153,"column":31}},"loc":{"start":{"line":153,"column":56},"end":{"line":160,"column":1}},"line":153},"8":{"name":"scopeFootnoteReferences","decl":{"start":{"line":162,"column":9},"end":{"line":162,"column":32}},"loc":{"start":{"line":162,"column":68},"end":{"line":199,"column":1}},"line":162},"9":{"name":"(anonymous_9)","decl":{"start":{"line":164,"column":20},"end":{"line":164,"column":21}},"loc":{"start":{"line":164,"column":36},"end":{"line":164,"column":66}},"line":164},"10":{"name":"(anonymous_10)","decl":{"start":{"line":169,"column":30},"end":{"line":169,"column":31}},"loc":{"start":{"line":169,"column":41},"end":{"line":196,"column":3}},"line":169},"11":{"name":"getFootnoteContentTokens","decl":{"start":{"line":201,"column":9},"end":{"line":201,"column":33}},"loc":{"start":{"line":201,"column":55},"end":{"line":206,"column":1}},"line":201},"12":{"name":"visitTokenTree","decl":{"start":{"line":208,"column":9},"end":{"line":208,"column":23}},"loc":{"start":{"line":208,"column":41},"end":{"line":213,"column":1}},"line":208},"13":{"name":"collectSlideFootnotes","decl":{"start":{"line":215,"column":9},"end":{"line":215,"column":30}},"loc":{"start":{"line":215,"column":61},"end":{"line":246,"column":1}},"line":215},"14":{"name":"(anonymous_14)","decl":{"start":{"line":219,"column":23},"end":{"line":219,"column":24}},"loc":{"start":{"line":219,"column":34},"end":{"line":234,"column":3}},"line":219},"15":{"name":"createInlineFootnoteTokens","decl":{"start":{"line":248,"column":9},"end":{"line":248,"column":35}},"loc":{"start":{"line":248,"column":53},"end":{"line":260,"column":1}},"line":248},"16":{"name":"appendFootnoteItem","decl":{"start":{"line":262,"column":9},"end":{"line":262,"column":27}},"loc":{"start":{"line":270,"column":2},"end":{"line":299,"column":1}},"line":270},"17":{"name":"(anonymous_17)","decl":{"start":{"line":290,"column":10},"end":{"line":290,"column":11}},"loc":{"start":{"line":290,"column":20},"end":{"line":290,"column":25}},"line":290},"18":{"name":"(anonymous_18)","decl":{"start":{"line":291,"column":13},"end":{"line":291,"column":14}},"loc":{"start":{"line":291,"column":24},"end":{"line":295,"column":5}},"line":291},"19":{"name":"appendPlainFootnoteItem","decl":{"start":{"line":301,"column":9},"end":{"line":301,"column":32}},"loc":{"start":{"line":301,"column":72},"end":{"line":312,"column":1}},"line":301},"20":{"name":"createFootnoteBlockTokens","decl":{"start":{"line":314,"column":9},"end":{"line":314,"column":34}},"loc":{"start":{"line":320,"column":2},"end":{"line":333,"column":1}},"line":320},"21":{"name":"appendSlideFootnotes","decl":{"start":{"line":335,"column":9},"end":{"line":335,"column":29}},"loc":{"start":{"line":342,"column":2},"end":{"line":369,"column":1}},"line":342},"22":{"name":"(anonymous_22)","decl":{"start":{"line":356,"column":12},"end":{"line":356,"column":13}},"loc":{"start":{"line":356,"column":28},"end":{"line":356,"column":73}},"line":356},"23":{"name":"(anonymous_23)","decl":{"start":{"line":357,"column":9},"end":{"line":357,"column":10}},"loc":{"start":{"line":357,"column":25},"end":{"line":357,"column":39}},"line":357},"24":{"name":"slideAwareFootnoteTail","decl":{"start":{"line":371,"column":9},"end":{"line":371,"column":31}},"loc":{"start":{"line":371,"column":39},"end":{"line":411,"column":1}},"line":371},"25":{"name":"installFootnotes","decl":{"start":{"line":413,"column":9},"end":{"line":413,"column":25}},"loc":{"start":{"line":413,"column":32},"end":{"line":460,"column":1}},"line":413},"26":{"name":"(anonymous_26)","decl":{"start":{"line":416,"column":47},"end":{"line":416,"column":48}},"loc":{"start":{"line":416,"column":53},"end":{"line":416,"column":55}},"line":416},"27":{"name":"(anonymous_27)","decl":{"start":{"line":423,"column":53},"end":{"line":423,"column":54}},"loc":{"start":{"line":423,"column":79},"end":{"line":429,"column":3}},"line":423},"28":{"name":"(anonymous_28)","decl":{"start":{"line":430,"column":54},"end":{"line":430,"column":55}},"loc":{"start":{"line":430,"column":60},"end":{"line":430,"column":77}},"line":430},"29":{"name":"(anonymous_29)","decl":{"start":{"line":432,"column":47},"end":{"line":432,"column":48}},"loc":{"start":{"line":438,"column":7},"end":{"line":444,"column":3}},"line":438},"30":{"name":"(anonymous_30)","decl":{"start":{"line":445,"column":50},"end":{"line":445,"column":51}},"loc":{"start":{"line":445,"column":67},"end":{"line":454,"column":3}},"line":445},"31":{"name":"(anonymous_31)","decl":{"start":{"line":457,"column":21},"end":{"line":457,"column":22}},"loc":{"start":{"line":457,"column":32},"end":{"line":457,"column":72}},"line":457}},"branchMap":{"0":{"loc":{"start":{"line":77,"column":2},"end":{"line":77,"column":71}},"type":"if","locations":[{"start":{"line":77,"column":2},"end":{"line":77,"column":71}},{"start":{},"end":{}}],"line":77},"1":{"loc":{"start":{"line":78,"column":2},"end":{"line":78,"column":71}},"type":"if","locations":[{"start":{"line":78,"column":2},"end":{"line":78,"column":71}},{"start":{},"end":{}}],"line":78},"2":{"loc":{"start":{"line":79,"column":2},"end":{"line":79,"column":50}},"type":"if","locations":[{"start":{"line":79,"column":2},"end":{"line":79,"column":50}},{"start":{},"end":{}}],"line":79},"3":{"loc":{"start":{"line":80,"column":2},"end":{"line":80,"column":45}},"type":"if","locations":[{"start":{"line":80,"column":2},"end":{"line":80,"column":45}},{"start":{},"end":{}}],"line":80},"4":{"loc":{"start":{"line":96,"column":4},"end":{"line":98,"column":5}},"type":"if","locations":[{"start":{"line":96,"column":4},"end":{"line":98,"column":5}},{"start":{},"end":{}}],"line":96},"5":{"loc":{"start":{"line":106,"column":4},"end":{"line":110,"column":5}},"type":"if","locations":[{"start":{"line":106,"column":4},"end":{"line":110,"column":5}},{"start":{"line":108,"column":11},"end":{"line":110,"column":5}}],"line":106},"6":{"loc":{"start":{"line":114,"column":4},"end":{"line":117,"column":5}},"type":"if","locations":[{"start":{"line":114,"column":4},"end":{"line":117,"column":5}},{"start":{},"end":{}}],"line":114},"7":{"loc":{"start":{"line":114,"column":8},"end":{"line":114,"column":68}},"type":"binary-expr","locations":[{"start":{"line":114,"column":8},"end":{"line":114,"column":24}},{"start":{"line":114,"column":28},"end":{"line":114,"column":47}},{"start":{"line":114,"column":51},"end":{"line":114,"column":68}}],"line":114},"8":{"loc":{"start":{"line":119,"column":4},"end":{"line":125,"column":5}},"type":"if","locations":[{"start":{"line":119,"column":4},"end":{"line":125,"column":5}},{"start":{},"end":{}}],"line":119},"9":{"loc":{"start":{"line":127,"column":4},"end":{"line":131,"column":5}},"type":"if","locations":[{"start":{"line":127,"column":4},"end":{"line":131,"column":5}},{"start":{},"end":{}}],"line":127},"10":{"loc":{"start":{"line":133,"column":4},"end":{"line":136,"column":5}},"type":"if","locations":[{"start":{"line":133,"column":4},"end":{"line":136,"column":5}},{"start":{},"end":{}}],"line":133},"11":{"loc":{"start":{"line":154,"column":2},"end":{"line":154,"column":66}},"type":"if","locations":[{"start":{"line":154,"column":2},"end":{"line":154,"column":66}},{"start":{},"end":{}}],"line":154},"12":{"loc":{"start":{"line":170,"column":4},"end":{"line":170,"column":61}},"type":"if","locations":[{"start":{"line":170,"column":4},"end":{"line":170,"column":61}},{"start":{},"end":{}}],"line":170},"13":{"loc":{"start":{"line":170,"column":8},"end":{"line":170,"column":52}},"type":"binary-expr","locations":[{"start":{"line":170,"column":8},"end":{"line":170,"column":37}},{"start":{"line":170,"column":41},"end":{"line":170,"column":52}}],"line":170},"14":{"loc":{"start":{"line":171,"column":4},"end":{"line":171,"column":50}},"type":"if","locations":[{"start":{"line":171,"column":4},"end":{"line":171,"column":50}},{"start":{},"end":{}}],"line":171},"15":{"loc":{"start":{"line":176,"column":4},"end":{"line":187,"column":5}},"type":"if","locations":[{"start":{"line":176,"column":4},"end":{"line":187,"column":5}},{"start":{"line":183,"column":11},"end":{"line":187,"column":5}}],"line":176},"16":{"loc":{"start":{"line":178,"column":6},"end":{"line":178,"column":30}},"type":"if","locations":[{"start":{"line":178,"column":6},"end":{"line":178,"column":30}},{"start":{},"end":{}}],"line":178},"17":{"loc":{"start":{"line":186,"column":6},"end":{"line":186,"column":28}},"type":"if","locations":[{"start":{"line":186,"column":6},"end":{"line":186,"column":28}},{"start":{},"end":{}}],"line":186},"18":{"loc":{"start":{"line":190,"column":18},"end":{"line":190,"column":43}},"type":"binary-expr","locations":[{"start":{"line":190,"column":18},"end":{"line":190,"column":38}},{"start":{"line":190,"column":42},"end":{"line":190,"column":43}}],"line":190},"19":{"loc":{"start":{"line":195,"column":4},"end":{"line":195,"column":60}},"type":"if","locations":[{"start":{"line":195,"column":4},"end":{"line":195,"column":60}},{"start":{},"end":{}}],"line":195},"20":{"loc":{"start":{"line":202,"column":2},"end":{"line":202,"column":27}},"type":"if","locations":[{"start":{"line":202,"column":2},"end":{"line":202,"column":27}},{"start":{},"end":{}}],"line":202},"21":{"loc":{"start":{"line":203,"column":2},"end":{"line":203,"column":46}},"type":"if","locations":[{"start":{"line":203,"column":2},"end":{"line":203,"column":46}},{"start":{},"end":{}}],"line":203},"22":{"loc":{"start":{"line":204,"column":2},"end":{"line":204,"column":67}},"type":"if","locations":[{"start":{"line":204,"column":2},"end":{"line":204,"column":67}},{"start":{},"end":{}}],"line":204},"23":{"loc":{"start":{"line":204,"column":29},"end":{"line":204,"column":66}},"type":"binary-expr","locations":[{"start":{"line":204,"column":29},"end":{"line":204,"column":60}},{"start":{"line":204,"column":64},"end":{"line":204,"column":66}}],"line":204},"24":{"loc":{"start":{"line":211,"column":4},"end":{"line":211,"column":64}},"type":"if","locations":[{"start":{"line":211,"column":4},"end":{"line":211,"column":64}},{"start":{},"end":{}}],"line":211},"25":{"loc":{"start":{"line":220,"column":4},"end":{"line":220,"column":61}},"type":"if","locations":[{"start":{"line":220,"column":4},"end":{"line":220,"column":61}},{"start":{},"end":{}}],"line":220},"26":{"loc":{"start":{"line":220,"column":8},"end":{"line":220,"column":52}},"type":"binary-expr","locations":[{"start":{"line":220,"column":8},"end":{"line":220,"column":37}},{"start":{"line":220,"column":41},"end":{"line":220,"column":52}}],"line":220},"27":{"loc":{"start":{"line":221,"column":4},"end":{"line":221,"column":50}},"type":"if","locations":[{"start":{"line":221,"column":4},"end":{"line":221,"column":50}},{"start":{},"end":{}}],"line":221},"28":{"loc":{"start":{"line":223,"column":18},"end":{"line":223,"column":77}},"type":"cond-expr","locations":[{"start":{"line":223,"column":57},"end":{"line":223,"column":73}},{"start":{"line":223,"column":76},"end":{"line":223,"column":77}}],"line":223},"29":{"loc":{"start":{"line":224,"column":4},"end":{"line":230,"column":5}},"type":"if","locations":[{"start":{"line":224,"column":4},"end":{"line":230,"column":5}},{"start":{},"end":{}}],"line":224},"30":{"loc":{"start":{"line":272,"column":2},"end":{"line":272,"column":24}},"type":"if","locations":[{"start":{"line":272,"column":2},"end":{"line":272,"column":24}},{"start":{},"end":{}}],"line":272},"31":{"loc":{"start":{"line":278,"column":24},"end":{"line":280,"column":67}},"type":"cond-expr","locations":[{"start":{"line":279,"column":6},"end":{"line":279,"column":49}},{"start":{"line":280,"column":6},"end":{"line":280,"column":67}}],"line":278},"32":{"loc":{"start":{"line":285,"column":2},"end":{"line":287,"column":3}},"type":"if","locations":[{"start":{"line":285,"column":2},"end":{"line":287,"column":3}},{"start":{},"end":{}}],"line":285},"33":{"loc":{"start":{"line":297,"column":2},"end":{"line":297,"column":54}},"type":"if","locations":[{"start":{"line":297,"column":2},"end":{"line":297,"column":54}},{"start":{},"end":{}}],"line":297},"34":{"loc":{"start":{"line":305,"column":2},"end":{"line":305,"column":41}},"type":"if","locations":[{"start":{"line":305,"column":2},"end":{"line":305,"column":41}},{"start":{},"end":{}}],"line":305},"35":{"loc":{"start":{"line":358,"column":2},"end":{"line":358,"column":68}},"type":"if","locations":[{"start":{"line":358,"column":2},"end":{"line":358,"column":68}},{"start":{},"end":{}}],"line":358},"36":{"loc":{"start":{"line":358,"column":6},"end":{"line":358,"column":59}},"type":"binary-expr","locations":[{"start":{"line":358,"column":6},"end":{"line":358,"column":31}},{"start":{"line":358,"column":35},"end":{"line":358,"column":59}}],"line":358},"37":{"loc":{"start":{"line":372,"column":2},"end":{"line":372,"column":35}},"type":"if","locations":[{"start":{"line":372,"column":2},"end":{"line":372,"column":35}},{"start":{},"end":{}}],"line":372},"38":{"loc":{"start":{"line":376,"column":4},"end":{"line":376,"column":34}},"type":"binary-expr","locations":[{"start":{"line":376,"column":4},"end":{"line":376,"column":28}},{"start":{"line":376,"column":32},"end":{"line":376,"column":34}}],"line":376},"39":{"loc":{"start":{"line":385,"column":4},"end":{"line":399,"column":5}},"type":"if","locations":[{"start":{"line":385,"column":4},"end":{"line":399,"column":5}},{"start":{"line":397,"column":11},"end":{"line":399,"column":5}}],"line":385},"40":{"loc":{"start":{"line":385,"column":8},"end":{"line":385,"column":48}},"type":"binary-expr","locations":[{"start":{"line":385,"column":8},"end":{"line":385,"column":27}},{"start":{"line":385,"column":31},"end":{"line":385,"column":48}}],"line":385},"41":{"loc":{"start":{"line":392,"column":8},"end":{"line":392,"column":48}},"type":"binary-expr","locations":[{"start":{"line":392,"column":8},"end":{"line":392,"column":42}},{"start":{"line":392,"column":46},"end":{"line":392,"column":48}}],"line":392},"42":{"loc":{"start":{"line":408,"column":4},"end":{"line":408,"column":44}},"type":"binary-expr","locations":[{"start":{"line":408,"column":4},"end":{"line":408,"column":38}},{"start":{"line":408,"column":42},"end":{"line":408,"column":44}}],"line":408},"43":{"loc":{"start":{"line":424,"column":15},"end":{"line":426,"column":36}},"type":"cond-expr","locations":[{"start":{"line":425,"column":8},"end":{"line":425,"column":38}},{"start":{"line":426,"column":8},"end":{"line":426,"column":36}}],"line":424},"44":{"loc":{"start":{"line":439,"column":4},"end":{"line":441,"column":5}},"type":"if","locations":[{"start":{"line":439,"column":4},"end":{"line":441,"column":5}},{"start":{},"end":{}}],"line":439},"45":{"loc":{"start":{"line":446,"column":17},"end":{"line":446,"column":39}},"type":"binary-expr","locations":[{"start":{"line":446,"column":17},"end":{"line":446,"column":33}},{"start":{"line":446,"column":37},"end":{"line":446,"column":39}}],"line":446},"46":{"loc":{"start":{"line":448,"column":6},"end":{"line":448,"column":69}},"type":"cond-expr","locations":[{"start":{"line":448,"column":40},"end":{"line":448,"column":55}},{"start":{"line":448,"column":58},"end":{"line":448,"column":69}}],"line":448},"47":{"loc":{"start":{"line":451,"column":4},"end":{"line":451,"column":51}},"type":"if","locations":[{"start":{"line":451,"column":4},"end":{"line":451,"column":51}},{"start":{},"end":{}}],"line":451}},"s":{"0":3,"1":3,"2":37,"3":37,"4":37,"5":0,"6":0,"7":37,"8":9,"9":37,"10":0,"11":37,"12":18,"13":37,"14":8,"15":8,"16":8,"17":8,"18":8,"19":8,"20":8,"21":9,"22":9,"23":9,"24":9,"25":9,"26":9,"27":0,"28":9,"29":9,"30":0,"31":9,"32":8,"33":126,"34":7,"35":7,"36":119,"37":9,"38":9,"39":9,"40":9,"41":9,"42":110,"43":9,"44":9,"45":9,"46":101,"47":27,"48":27,"49":74,"50":8,"51":8,"52":8,"53":0,"54":8,"55":8,"56":8,"57":8,"58":15,"59":9,"60":15,"61":15,"62":15,"63":106,"64":98,"65":8,"66":0,"67":8,"68":7,"69":7,"70":0,"71":7,"72":7,"73":7,"74":1,"75":1,"76":1,"77":0,"78":8,"79":8,"80":8,"81":8,"82":8,"83":8,"84":7,"85":15,"86":17,"87":0,"88":17,"89":1,"90":16,"91":16,"92":0,"93":93,"94":241,"95":241,"96":55,"97":15,"98":15,"99":15,"100":135,"101":127,"102":8,"103":0,"104":8,"105":8,"106":8,"107":8,"108":8,"109":8,"110":15,"111":15,"112":15,"113":8,"114":8,"115":8,"116":15,"117":1,"118":1,"119":1,"120":1,"121":1,"122":1,"123":1,"124":1,"125":8,"126":8,"127":0,"128":8,"129":8,"130":8,"131":8,"132":8,"133":8,"134":8,"135":8,"136":8,"137":0,"138":8,"139":8,"140":8,"141":8,"142":8,"143":8,"144":2,"145":2,"146":0,"147":2,"148":2,"149":2,"150":2,"151":2,"152":10,"153":10,"154":8,"155":10,"156":2,"157":10,"158":10,"159":15,"160":15,"161":15,"162":15,"163":9,"164":2,"165":15,"166":5,"167":10,"168":13,"169":5,"170":8,"171":8,"172":8,"173":8,"174":8,"175":8,"176":81,"177":7,"178":7,"179":7,"180":7,"181":74,"182":8,"183":8,"184":14,"185":14,"186":14,"187":14,"188":10,"189":10,"190":14,"191":10,"192":14,"193":14,"194":10,"195":2,"196":8,"197":14,"198":8,"199":8,"200":8,"201":8,"202":0,"203":8,"204":14,"205":14,"206":13,"207":14,"208":3},"f":{"0":37,"1":0,"2":8,"3":9,"4":0,"5":126,"6":8,"7":8,"8":15,"9":9,"10":106,"11":17,"12":93,"13":15,"14":135,"15":1,"16":8,"17":0,"18":8,"19":2,"20":10,"21":15,"22":9,"23":2,"24":13,"25":14,"26":13,"27":10,"28":10,"29":10,"30":8,"31":13},"b":{"0":[0,37],"1":[9,28],"2":[0,37],"3":[18,19],"4":[9,0],"5":[0,9],"6":[7,119],"7":[126,90,7],"8":[9,110],"9":[9,101],"10":[27,74],"11":[0,8],"12":[98,8],"13":[106,8],"14":[0,8],"15":[7,1],"16":[0,7],"17":[0,1],"18":[8,8],"19":[7,1],"20":[0,17],"21":[1,16],"22":[16,0],"23":[16,0],"24":[55,186],"25":[127,8],"26":[135,8],"27":[0,8],"28":[8,0],"29":[8,0],"30":[0,8],"31":[1,7],"32":[8,0],"33":[8,0],"34":[0,2],"35":[5,10],"36":[15,7],"37":[5,8],"38":[8,2],"39":[7,74],"40":[81,7],"41":[7,2],"42":[8,4],"43":[10,0],"44":[2,8],"45":[8,0],"46":[8,0],"47":[0,8]},"_coverageSchema":"1a1c01bbd47fc00a2c39e90264f33305004495a9","hash":"2d4ac5838d81e4788a722b91617153d10672ad7a"}
,"/Users/kdmsnr/src/github.com/kdmsnr/marp-preview/app/localImagePaths.js": {"path":"/Users/kdmsnr/src/github.com/kdmsnr/marp-preview/app/localImagePaths.js","statementMap":{"0":{"start":{"line":1,"column":13},"end":{"line":1,"column":28}},"1":{"start":{"line":2,"column":26},"end":{"line":2,"column":40}},"2":{"start":{"line":4,"column":30},"end":{"line":4,"column":50}},"3":{"start":{"line":7,"column":22},"end":{"line":7,"column":40}},"4":{"start":{"line":8,"column":2},"end":{"line":8,"column":43}},"5":{"start":{"line":8,"column":26},"end":{"line":8,"column":43}},"6":{"start":{"line":9,"column":2},"end":{"line":9,"column":61}},"7":{"start":{"line":13,"column":2},"end":{"line":13,"column":46}},"8":{"start":{"line":13,"column":33},"end":{"line":13,"column":46}},"9":{"start":{"line":15,"column":2},"end":{"line":19,"column":4}},"10":{"start":{"line":23,"column":2},"end":{"line":23,"column":58}},"11":{"start":{"line":23,"column":47},"end":{"line":23,"column":58}},"12":{"start":{"line":25,"column":29},"end":{"line":25,"column":48}},"13":{"start":{"line":26,"column":2},"end":{"line":26,"column":28}},"14":{"start":{"line":26,"column":17},"end":{"line":26,"column":28}},"15":{"start":{"line":28,"column":20},"end":{"line":28,"column":28}},"16":{"start":{"line":29,"column":2},"end":{"line":33,"column":3}},"17":{"start":{"line":30,"column":4},"end":{"line":30,"column":38}},"18":{"start":{"line":32,"column":4},"end":{"line":32,"column":27}},"19":{"start":{"line":35,"column":19},"end":{"line":37,"column":41}},"20":{"start":{"line":39,"column":2},"end":{"line":39,"column":52}},"21":{"start":{"line":43,"column":2},"end":{"line":62,"column":4}},"22":{"start":{"line":47,"column":23},"end":{"line":47,"column":68}},"23":{"start":{"line":48,"column":6},"end":{"line":48,"column":28}},"24":{"start":{"line":48,"column":21},"end":{"line":48,"column":28}},"25":{"start":{"line":50,"column":6},"end":{"line":60,"column":7}},"26":{"start":{"line":51,"column":8},"end":{"line":51,"column":45}},"27":{"start":{"line":51,"column":36},"end":{"line":51,"column":45}},"28":{"start":{"line":53,"column":20},"end":{"line":53,"column":40}},"29":{"start":{"line":54,"column":28},"end":{"line":54,"column":63}},"30":{"start":{"line":55,"column":8},"end":{"line":55,"column":42}},"31":{"start":{"line":57,"column":8},"end":{"line":59,"column":9}},"32":{"start":{"line":58,"column":10},"end":{"line":58,"column":51}},"33":{"start":{"line":64,"column":2},"end":{"line":64,"column":14}},"34":{"start":{"line":67,"column":0},"end":{"line":71,"column":2}}},"fnMap":{"0":{"name":"splitUrlSuffix","decl":{"start":{"line":6,"column":9},"end":{"line":6,"column":23}},"loc":{"start":{"line":6,"column":29},"end":{"line":10,"column":1}},"line":6},"1":{"name":"isExternalUrl","decl":{"start":{"line":12,"column":9},"end":{"line":12,"column":22}},"loc":{"start":{"line":12,"column":28},"end":{"line":20,"column":1}},"line":12},"2":{"name":"resolveLocalImageUrl","decl":{"start":{"line":22,"column":9},"end":{"line":22,"column":29}},"loc":{"start":{"line":22,"column":45},"end":{"line":40,"column":1}},"line":22},"3":{"name":"installLocalImagePaths","decl":{"start":{"line":42,"column":9},"end":{"line":42,"column":31}},"loc":{"start":{"line":42,"column":38},"end":{"line":65,"column":1}},"line":42},"4":{"name":"(anonymous_4)","decl":{"start":{"line":46,"column":4},"end":{"line":46,"column":5}},"loc":{"start":{"line":46,"column":15},"end":{"line":61,"column":5}},"line":46}},"branchMap":{"0":{"loc":{"start":{"line":8,"column":2},"end":{"line":8,"column":43}},"type":"if","locations":[{"start":{"line":8,"column":2},"end":{"line":8,"column":43}},{"start":{},"end":{}}],"line":8},"1":{"loc":{"start":{"line":13,"column":2},"end":{"line":13,"column":46}},"type":"if","locations":[{"start":{"line":13,"column":2},"end":{"line":13,"column":46}},{"start":{},"end":{}}],"line":13},"2":{"loc":{"start":{"line":16,"column":4},"end":{"line":18,"column":23}},"type":"binary-expr","locations":[{"start":{"line":16,"column":4},"end":{"line":16,"column":35}},{"start":{"line":17,"column":4},"end":{"line":17,"column":24}},{"start":{"line":18,"column":4},"end":{"line":18,"column":23}}],"line":16},"3":{"loc":{"start":{"line":23,"column":2},"end":{"line":23,"column":58}},"type":"if","locations":[{"start":{"line":23,"column":2},"end":{"line":23,"column":58}},{"start":{},"end":{}}],"line":23},"4":{"loc":{"start":{"line":23,"column":6},"end":{"line":23,"column":45}},"type":"binary-expr","locations":[{"start":{"line":23,"column":6},"end":{"line":23,"column":10}},{"start":{"line":23,"column":14},"end":{"line":23,"column":23}},{"start":{"line":23,"column":27},"end":{"line":23,"column":45}}],"line":23},"5":{"loc":{"start":{"line":26,"column":2},"end":{"line":26,"column":28}},"type":"if","locations":[{"start":{"line":26,"column":2},"end":{"line":26,"column":28}},{"start":{},"end":{}}],"line":26},"6":{"loc":{"start":{"line":35,"column":19},"end":{"line":37,"column":41}},"type":"cond-expr","locations":[{"start":{"line":36,"column":6},"end":{"line":36,"column":17}},{"start":{"line":37,"column":6},"end":{"line":37,"column":41}}],"line":35},"7":{"loc":{"start":{"line":47,"column":23},"end":{"line":47,"column":68}},"type":"binary-expr","locations":[{"start":{"line":47,"column":23},"end":{"line":47,"column":32}},{"start":{"line":47,"column":36},"end":{"line":47,"column":68}}],"line":47},"8":{"loc":{"start":{"line":48,"column":6},"end":{"line":48,"column":28}},"type":"if","locations":[{"start":{"line":48,"column":6},"end":{"line":48,"column":28}},{"start":{},"end":{}}],"line":48},"9":{"loc":{"start":{"line":51,"column":8},"end":{"line":51,"column":45}},"type":"if","locations":[{"start":{"line":51,"column":8},"end":{"line":51,"column":45}},{"start":{},"end":{}}],"line":51},"10":{"loc":{"start":{"line":57,"column":8},"end":{"line":59,"column":9}},"type":"if","locations":[{"start":{"line":57,"column":8},"end":{"line":59,"column":9}},{"start":{},"end":{}}],"line":57},"11":{"loc":{"start":{"line":57,"column":12},"end":{"line":57,"column":48}},"type":"binary-expr","locations":[{"start":{"line":57,"column":12},"end":{"line":57,"column":22}},{"start":{"line":57,"column":26},"end":{"line":57,"column":48}}],"line":57}},"s":{"0":4,"1":4,"2":4,"3":3,"4":3,"5":3,"6":0,"7":5,"8":0,"9":5,"10":5,"11":2,"12":3,"13":3,"14":0,"15":3,"16":3,"17":3,"18":0,"19":3,"20":3,"21":14,"22":44,"23":44,"24":40,"25":4,"26":4,"27":2,"28":2,"29":2,"30":2,"31":2,"32":2,"33":14,"34":4},"f":{"0":3,"1":5,"2":5,"3":14,"4":44},"b":{"0":[3,0],"1":[0,5],"2":[5,3,3],"3":[2,3],"4":[5,5,5],"5":[0,3],"6":[0,3],"7":[44,44],"8":[40,4],"9":[2,2],"10":[2,0],"11":[2,2]},"_coverageSchema":"1a1c01bbd47fc00a2c39e90264f33305004495a9","hash":"ad48bf5cf4887612b57320ef3b40cb63723b9ff6"}
,"/Users/kdmsnr/src/github.com/kdmsnr/marp-preview/app/mainWindow.js": {"path":"/Users/kdmsnr/src/github.com/kdmsnr/marp-preview/app/mainWindow.js","statementMap":{"0":{"start":{"line":1,"column":26},"end":{"line":1,"column":45}},"1":{"start":{"line":2,"column":13},"end":{"line":2,"column":28}},"2":{"start":{"line":3,"column":58},"end":{"line":3,"column":76}},"3":{"start":{"line":4,"column":25},"end":{"line":4,"column":49}},"4":{"start":{"line":7,"column":17},"end":{"line":15,"column":4}},"5":{"start":{"line":17,"column":2},"end":{"line":17,"column":24}},"6":{"start":{"line":18,"column":2},"end":{"line":18,"column":60}},"7":{"start":{"line":20,"column":2},"end":{"line":23,"column":5}},"8":{"start":{"line":21,"column":4},"end":{"line":21,"column":22}},"9":{"start":{"line":22,"column":4},"end":{"line":22,"column":19}},"10":{"start":{"line":25,"column":2},"end":{"line":25,"column":16}},"11":{"start":{"line":28,"column":25},"end":{"line":28,"column":68}},"12":{"start":{"line":28,"column":31},"end":{"line":28,"column":68}},"13":{"start":{"line":30,"column":0},"end":{"line":34,"column":2}}},"fnMap":{"0":{"name":"createMainWindow","decl":{"start":{"line":6,"column":9},"end":{"line":6,"column":25}},"loc":{"start":{"line":6,"column":28},"end":{"line":26,"column":1}},"line":6},"1":{"name":"(anonymous_1)","decl":{"start":{"line":20,"column":22},"end":{"line":20,"column":23}},"loc":{"start":{"line":20,"column":28},"end":{"line":23,"column":3}},"line":20},"2":{"name":"(anonymous_2)","decl":{"start":{"line":28,"column":25},"end":{"line":28,"column":26}},"loc":{"start":{"line":28,"column":31},"end":{"line":28,"column":68}},"line":28}},"branchMap":{"0":{"loc":{"start":{"line":28,"column":31},"end":{"line":28,"column":68}},"type":"binary-expr","locations":[{"start":{"line":28,"column":31},"end":{"line":28,"column":46}},{"start":{"line":28,"column":50},"end":{"line":28,"column":68}}],"line":28}},"s":{"0":1,"1":1,"2":1,"3":1,"4":1,"5":1,"6":1,"7":1,"8":1,"9":1,"10":1,"11":1,"12":1,"13":1},"f":{"0":1,"1":1,"2":1},"b":{"0":[1,0]},"_coverageSchema":"1a1c01bbd47fc00a2c39e90264f33305004495a9","hash":"8051f2896b1ce1fcbbf4f223ac9017387a2e4ed7"}
,"/Users/kdmsnr/src/github.com/kdmsnr/marp-preview/app/markdownRenderer.js": {"path":"/Users/kdmsnr/src/github.com/kdmsnr/marp-preview/app/markdownRenderer.js","statementMap":{"0":{"start":{"line":1,"column":11},"end":{"line":1,"column":33}},"1":{"start":{"line":2,"column":13},"end":{"line":2,"column":28}},"2":{"start":{"line":3,"column":19},"end":{"line":3,"column":38}},"3":{"start":{"line":4,"column":31},"end":{"line":4,"column":53}},"4":{"start":{"line":5,"column":34},"end":{"line":5,"column":62}},"5":{"start":{"line":6,"column":23},"end":{"line":6,"column":40}},"6":{"start":{"line":7,"column":26},"end":{"line":7,"column":44}},"7":{"start":{"line":9,"column":13},"end":{"line":9,"column":25}},"8":{"start":{"line":12,"column":2},"end":{"line":32,"column":3}},"9":{"start":{"line":13,"column":21},"end":{"line":13,"column":57}},"10":{"start":{"line":14,"column":26},"end":{"line":17,"column":6}},"11":{"start":{"line":18,"column":23},"end":{"line":18,"column":38}},"12":{"start":{"line":19,"column":4},"end":{"line":26,"column":5}},"13":{"start":{"line":20,"column":6},"end":{"line":20,"column":66}},"14":{"start":{"line":21,"column":6},"end":{"line":21,"column":51}},"15":{"start":{"line":23,"column":6},"end":{"line":25,"column":8}},"16":{"start":{"line":28,"column":4},"end":{"line":31,"column":6}},"17":{"start":{"line":35,"column":0},"end":{"line":37,"column":2}}},"fnMap":{"0":{"name":"renderAndSend","decl":{"start":{"line":11,"column":15},"end":{"line":11,"column":28}},"loc":{"start":{"line":11,"column":39},"end":{"line":33,"column":1}},"line":11}},"branchMap":{"0":{"loc":{"start":{"line":19,"column":4},"end":{"line":26,"column":5}},"type":"if","locations":[{"start":{"line":19,"column":4},"end":{"line":26,"column":5}},{"start":{"line":22,"column":11},"end":{"line":26,"column":5}}],"line":19},"1":{"loc":{"start":{"line":19,"column":8},"end":{"line":19,"column":47}},"type":"binary-expr","locations":[{"start":{"line":19,"column":8},"end":{"line":19,"column":18}},{"start":{"line":19,"column":22},"end":{"line":19,"column":47}}],"line":19}},"s":{"0":1,"1":1,"2":1,"3":1,"4":1,"5":1,"6":1,"7":1,"8":3,"9":3,"10":2,"11":2,"12":2,"13":1,"14":1,"15":1,"16":1,"17":1},"f":{"0":3},"b":{"0":[1,1],"1":[2,2]},"_coverageSchema":"1a1c01bbd47fc00a2c39e90264f33305004495a9","hash":"ae5555e44094d22ea0775a44dac4ebc0b6d022c4"}
,"/Users/kdmsnr/src/github.com/kdmsnr/marp-preview/app/marp.js": {"path":"/Users/kdmsnr/src/github.com/kdmsnr/marp-preview/app/marp.js","statementMap":{"0":{"start":{"line":1,"column":17},"end":{"line":1,"column":48}},"1":{"start":{"line":2,"column":29},"end":{"line":2,"column":51}},"2":{"start":{"line":3,"column":29},"end":{"line":3,"column":51}},"3":{"start":{"line":4,"column":35},"end":{"line":4,"column":63}},"4":{"start":{"line":5,"column":30},"end":{"line":5,"column":53}},"5":{"start":{"line":8,"column":15},"end":{"line":8,"column":32}},"6":{"start":{"line":9,"column":2},"end":{"line":9,"column":25}},"7":{"start":{"line":10,"column":2},"end":{"line":10,"column":25}},"8":{"start":{"line":11,"column":2},"end":{"line":11,"column":31}},"9":{"start":{"line":12,"column":2},"end":{"line":12,"column":26}},"10":{"start":{"line":13,"column":2},"end":{"line":13,"column":14}},"11":{"start":{"line":16,"column":0},"end":{"line":18,"column":2}}},"fnMap":{"0":{"name":"createMarp","decl":{"start":{"line":7,"column":9},"end":{"line":7,"column":19}},"loc":{"start":{"line":7,"column":51},"end":{"line":14,"column":1}},"line":7}},"branchMap":{"0":{"loc":{"start":{"line":7,"column":20},"end":{"line":7,"column":49}},"type":"default-arg","locations":[{"start":{"line":7,"column":30},"end":{"line":7,"column":49}}],"line":7}},"s":{"0":3,"1":3,"2":3,"3":3,"4":3,"5":13,"6":13,"7":13,"8":13,"9":13,"10":13,"11":3},"f":{"0":13},"b":{"0":[13]},"_coverageSchema":"1a1c01bbd47fc00a2c39e90264f33305004495a9","hash":"5c931d5cf44f7a02f6d2040b3a0a7198d63bb03b"}
[...]
,"/Users/kdmsnr/src/github.com/kdmsnr/marp-preview/app/menu.js": {"path":"/Users/kdmsnr/src/github.com/kdmsnr/marp-preview/app/menu.js","statementMap":{"0":{"start":{"line":1,"column":17},"end":{"line":1,"column":36}},"1":{"start":{"line":2,"column":13},"end":{"line":2,"column":28}},"2":{"start":{"line":9,"column":2},"end":{"line":21,"column":3}},"3":{"start":{"line":10,"column":4},"end":{"line":20,"column":6}},"4":{"start":{"line":23,"column":16},"end":{"line":29,"column":5}},"5":{"start":{"line":23,"column":54},"end":{"line":29,"column":3}},"6":{"start":{"line":27,"column":6},"end":{"line":27,"column":31}},"7":{"start":{"line":31,"column":2},"end":{"line":40,"column":4}},"8":{"start":{"line":37,"column":8},"end":{"line":37,"column":27}},"9":{"start":{"line":53,"column":23},"end":{"line":110,"column":3}},"10":{"start":{"line":61,"column":12},"end":{"line":61,"column":23}},"11":{"start":{"line":78,"column":16},"end":{"line":78,"column":28}},"12":{"start":{"line":84,"column":16},"end":{"line":84,"column":29}},"13":{"start":{"line":103,"column":12},"end":{"line":103,"column":48}},"14":{"start":{"line":112,"column":2},"end":{"line":112,"column":46}},"15":{"start":{"line":115,"column":0},"end":{"line":117,"column":2}}},"fnMap":{"0":{"name":"buildRecentFilesSubmenu","decl":{"start":{"line":4,"column":9},"end":{"line":4,"column":32}},"loc":{"start":{"line":8,"column":2},"end":{"line":41,"column":1}},"line":8},"1":{"name":"(anonymous_1)","decl":{"start":{"line":23,"column":32},"end":{"line":23,"column":33}},"loc":{"start":{"line":23,"column":54},"end":{"line":29,"column":3}},"line":23},"2":{"name":"(anonymous_2)","decl":{"start":{"line":26,"column":4},"end":{"line":26,"column":5}},"loc":{"start":{"line":26,"column":12},"end":{"line":28,"column":5}},"line":26},"3":{"name":"(anonymous_3)","decl":{"start":{"line":36,"column":6},"end":{"line":36,"column":7}},"loc":{"start":{"line":36,"column":14},"end":{"line":38,"column":7}},"line":36},"4":{"name":"createApplicationMenu","decl":{"start":{"line":43,"column":9},"end":{"line":43,"column":30}},"loc":{"start":{"line":52,"column":3},"end":{"line":113,"column":1}},"line":52},"5":{"name":"(anonymous_5)","decl":{"start":{"line":50,"column":19},"end":{"line":50,"column":20}},"loc":{"start":{"line":50,"column":25},"end":{"line":50,"column":27}},"line":50},"6":{"name":"(anonymous_6)","decl":{"start":{"line":51,"column":21},"end":{"line":51,"column":22}},"loc":{"start":{"line":51,"column":27},"end":{"line":51,"column":29}},"line":51},"7":{"name":"(anonymous_7)","decl":{"start":{"line":60,"column":10},"end":{"line":60,"column":11}},"loc":{"start":{"line":60,"column":18},"end":{"line":62,"column":11}},"line":60},"8":{"name":"(anonymous_8)","decl":{"start":{"line":77,"column":14},"end":{"line":77,"column":15}},"loc":{"start":{"line":77,"column":22},"end":{"line":79,"column":15}},"line":77},"9":{"name":"(anonymous_9)","decl":{"start":{"line":83,"column":14},"end":{"line":83,"column":15}},"loc":{"start":{"line":83,"column":22},"end":{"line":85,"column":15}},"line":83},"10":{"name":"(anonymous_10)","decl":{"start":{"line":102,"column":10},"end":{"line":102,"column":11}},"loc":{"start":{"line":102,"column":26},"end":{"line":104,"column":11}},"line":102}},"branchMap":{"0":{"loc":{"start":{"line":9,"column":2},"end":{"line":21,"column":3}},"type":"if","locations":[{"start":{"line":9,"column":2},"end":{"line":21,"column":3}},{"start":{},"end":{}}],"line":9},"1":{"loc":{"start":{"line":9,"column":6},"end":{"line":9,"column":46}},"type":"binary-expr","locations":[{"start":{"line":9,"column":6},"end":{"line":9,"column":18}},{"start":{"line":9,"column":22},"end":{"line":9,"column":46}}],"line":9},"2":{"loc":{"start":{"line":48,"column":2},"end":{"line":48,"column":21}},"type":"default-arg","locations":[{"start":{"line":48,"column":16},"end":{"line":48,"column":21}}],"line":48},"3":{"loc":{"start":{"line":49,"column":2},"end":{"line":49,"column":18}},"type":"default-arg","locations":[{"start":{"line":49,"column":16},"end":{"line":49,"column":18}}],"line":49},"4":{"loc":{"start":{"line":50,"column":2},"end":{"line":50,"column":27}},"type":"default-arg","locations":[{"start":{"line":50,"column":19},"end":{"line":50,"column":27}}],"line":50},"5":{"loc":{"start":{"line":51,"column":2},"end":{"line":51,"column":29}},"type":"default-arg","locations":[{"start":{"line":51,"column":21},"end":{"line":51,"column":29}}],"line":51}},"s":{"0":1,"1":1,"2":2,"3":1,"4":1,"5":1,"6":1,"7":1,"8":1,"9":2,"10":1,"11":1,"12":1,"13":1,"14":2,"15":1},"f":{"0":2,"1":1,"2":1,"3":1,"4":2,"5":0,"6":0,"7":1,"8":1,"9":1,"10":1},"b":{"0":[1,1],"1":[2,2],"2":[1],"3":[0],"4":[1],"5":[0]},"_coverageSchema":"1a1c01bbd47fc00a2c39e90264f33305004495a9","hash":"7d629def54ea8cfd201be14762e8bb9531e85c5b"}
,"/Users/kdmsnr/src/github.com/kdmsnr/marp-preview/app/pagination.js": {"path":"/Users/kdmsnr/src/github.com/kdmsnr/marp-preview/app/pagination.js","statementMap":{"0":{"start":{"line":1,"column":23},"end":{"line":5,"column":8}},"1":{"start":{"line":8,"column":22},"end":{"line":8,"column":49}},"2":{"start":{"line":9,"column":2},"end":{"line":9,"column":75}},"3":{"start":{"line":9,"column":32},"end":{"line":9,"column":74}},"4":{"start":{"line":11,"column":2},"end":{"line":11,"column":14}},"5":{"start":{"line":14,"column":0},"end":{"line":17,"column":2}}},"fnMap":{"0":{"name":"installPagination","decl":{"start":{"line":7,"column":9},"end":{"line":7,"column":26}},"loc":{"start":{"line":7,"column":33},"end":{"line":12,"column":1}},"line":7},"1":{"name":"(anonymous_1)","decl":{"start":{"line":9,"column":21},"end":{"line":9,"column":22}},"loc":{"start":{"line":9,"column":32},"end":{"line":9,"column":74}},"line":9}},"branchMap":{},"s":{"0":3,"1":14,"2":14,"3":13,"4":14,"5":3},"f":{"0":14,"1":13},"b":{},"_coverageSchema":"1a1c01bbd47fc00a2c39e90264f33305004495a9","hash":"b48512fa7e04e1983927b3e9a4de63a93746a3b8"}
,"/Users/kdmsnr/src/github.com/kdmsnr/marp-preview/app/recentFiles.js": {"path":"/Users/kdmsnr/src/github.com/kdmsnr/marp-preview/app/recentFiles.js","statementMap":{"0":{"start":{"line":1,"column":11},"end":{"line":1,"column":24}},"1":{"start":{"line":2,"column":13},"end":{"line":2,"column":28}},"2":{"start":{"line":4,"column":25},"end":{"line":4,"column":27}},"3":{"start":{"line":6,"column":18},"end":{"line":6,"column":20}},"4":{"start":{"line":7,"column":18},"end":{"line":7,"column":27}},"5":{"start":{"line":8,"column":18},"end":{"line":8,"column":22}},"6":{"start":{"line":11,"column":2},"end":{"line":13,"column":3}},"7":{"start":{"line":12,"column":4},"end":{"line":12,"column":11}},"8":{"start":{"line":14,"column":2},"end":{"line":18,"column":3}},"9":{"start":{"line":15,"column":4},"end":{"line":15,"column":65}},"10":{"start":{"line":17,"column":4},"end":{"line":17,"column":71}},"11":{"start":{"line":22,"column":2},"end":{"line":24,"column":3}},"12":{"start":{"line":23,"column":4},"end":{"line":23,"column":11}},"13":{"start":{"line":25,"column":2},"end":{"line":34,"column":3}},"14":{"start":{"line":26,"column":4},"end":{"line":26,"column":23}},"15":{"start":{"line":27,"column":4},"end":{"line":31,"column":6}},"16":{"start":{"line":33,"column":4},"end":{"line":33,"column":56}},"17":{"start":{"line":38,"column":19},"end":{"line":38,"column":35}},"18":{"start":{"line":39,"column":2},"end":{"line":45,"column":5}},"19":{"start":{"line":40,"column":4},"end":{"line":44,"column":5}},"20":{"start":{"line":41,"column":6},"end":{"line":41,"column":25}},"21":{"start":{"line":43,"column":6},"end":{"line":43,"column":67}},"22":{"start":{"line":49,"column":2},"end":{"line":49,"column":33}},"23":{"start":{"line":50,"column":2},"end":{"line":52,"column":3}},"24":{"start":{"line":51,"column":4},"end":{"line":51,"column":11}},"25":{"start":{"line":54,"column":2},"end":{"line":68,"column":3}},"26":{"start":{"line":55,"column":4},"end":{"line":65,"column":5}},"27":{"start":{"line":56,"column":23},"end":{"line":56,"column":60}},"28":{"start":{"line":57,"column":21},"end":{"line":57,"column":41}},"29":{"start":{"line":58,"column":6},"end":{"line":62,"column":7}},"30":{"start":{"line":59,"column":8},"end":{"line":61,"column":38}},"31":{"start":{"line":60,"column":29},"end":{"line":60,"column":54}},"32":{"start":{"line":64,"column":6},"end":{"line":64,"column":25}},"33":{"start":{"line":67,"column":4},"end":{"line":67,"column":56}},"34":{"start":{"line":70,"column":2},"end":{"line":70,"column":20}},"35":{"start":{"line":74,"column":2},"end":{"line":74,"column":26}},"36":{"start":{"line":78,"column":2},"end":{"line":80,"column":3}},"37":{"start":{"line":79,"column":4},"end":{"line":79,"column":11}},"38":{"start":{"line":82,"column":15},"end":{"line":85,"column":3}},"39":{"start":{"line":84,"column":40},"end":{"line":84,"column":61}},"40":{"start":{"line":86,"column":2},"end":{"line":86,"column":48}},"41":{"start":{"line":87,"column":2},"end":{"line":87,"column":20}},"42":{"start":{"line":88,"column":2},"end":{"line":88,"column":23}},"43":{"start":{"line":92,"column":15},"end":{"line":92,"column":70}},"44":{"start":{"line":92,"column":48},"end":{"line":92,"column":69}},"45":{"start":{"line":93,"column":2},"end":{"line":95,"column":3}},"46":{"start":{"line":94,"column":4},"end":{"line":94,"column":11}},"47":{"start":{"line":96,"column":2},"end":{"line":96,"column":21}},"48":{"start":{"line":97,"column":2},"end":{"line":97,"column":20}},"49":{"start":{"line":98,"column":2},"end":{"line":98,"column":23}},"50":{"start":{"line":102,"column":2},"end":{"line":104,"column":3}},"51":{"start":{"line":103,"column":4},"end":{"line":103,"column":11}},"52":{"start":{"line":105,"column":2},"end":{"line":105,"column":19}},"53":{"start":{"line":106,"column":2},"end":{"line":106,"column":20}},"54":{"start":{"line":107,"column":2},"end":{"line":107,"column":23}},"55":{"start":{"line":111,"column":2},"end":{"line":111,"column":26}},"56":{"start":{"line":112,"column":2},"end":{"line":112,"column":42}},"57":{"start":{"line":112,"column":15},"end":{"line":112,"column":41}},"58":{"start":{"line":115,"column":0},"end":{"line":122,"column":2}}},"fnMap":{"0":{"name":"ensureStorageDir","decl":{"start":{"line":10,"column":9},"end":{"line":10,"column":25}},"loc":{"start":{"line":10,"column":28},"end":{"line":19,"column":1}},"line":10},"1":{"name":"persistRecentFiles","decl":{"start":{"line":21,"column":9},"end":{"line":21,"column":27}},"loc":{"start":{"line":21,"column":30},"end":{"line":35,"column":1}},"line":21},"2":{"name":"notifyListeners","decl":{"start":{"line":37,"column":9},"end":{"line":37,"column":24}},"loc":{"start":{"line":37,"column":27},"end":{"line":46,"column":1}},"line":37},"3":{"name":"(anonymous_3)","decl":{"start":{"line":39,"column":20},"end":{"line":39,"column":21}},"loc":{"start":{"line":39,"column":34},"end":{"line":45,"column":3}},"line":39},"4":{"name":"initializeRecentFiles","decl":{"start":{"line":48,"column":9},"end":{"line":48,"column":30}},"loc":{"start":{"line":48,"column":41},"end":{"line":71,"column":1}},"line":48},"5":{"name":"(anonymous_5)","decl":{"start":{"line":60,"column":18},"end":{"line":60,"column":19}},"loc":{"start":{"line":60,"column":29},"end":{"line":60,"column":54}},"line":60},"6":{"name":"getRecentFiles","decl":{"start":{"line":73,"column":9},"end":{"line":73,"column":23}},"loc":{"start":{"line":73,"column":26},"end":{"line":75,"column":1}},"line":73},"7":{"name":"addRecentFile","decl":{"start":{"line":77,"column":9},"end":{"line":77,"column":22}},"loc":{"start":{"line":77,"column":33},"end":{"line":89,"column":1}},"line":77},"8":{"name":"(anonymous_8)","decl":{"start":{"line":84,"column":26},"end":{"line":84,"column":27}},"loc":{"start":{"line":84,"column":40},"end":{"line":84,"column":61}},"line":84},"9":{"name":"removeRecentFile","decl":{"start":{"line":91,"column":9},"end":{"line":91,"column":25}},"loc":{"start":{"line":91,"column":36},"end":{"line":99,"column":1}},"line":91},"10":{"name":"(anonymous_10)","decl":{"start":{"line":92,"column":34},"end":{"line":92,"column":35}},"loc":{"start":{"line":92,"column":48},"end":{"line":92,"column":69}},"line":92},"11":{"name":"clearRecentFiles","decl":{"start":{"line":101,"column":9},"end":{"line":101,"column":25}},"loc":{"start":{"line":101,"column":28},"end":{"line":108,"column":1}},"line":101},"12":{"name":"onRecentFilesChange","decl":{"start":{"line":110,"column":9},"end":{"line":110,"column":28}},"loc":{"start":{"line":110,"column":39},"end":{"line":113,"column":1}},"line":110},"13":{"name":"(anonymous_13)","decl":{"start":{"line":112,"column":9},"end":{"line":112,"column":10}},"loc":{"start":{"line":112,"column":15},"end":{"line":112,"column":41}},"line":112}},"branchMap":{"0":{"loc":{"start":{"line":11,"column":2},"end":{"line":13,"column":3}},"type":"if","locations":[{"start":{"line":11,"column":2},"end":{"line":13,"column":3}},{"start":{},"end":{}}],"line":11},"1":{"loc":{"start":{"line":22,"column":2},"end":{"line":24,"column":3}},"type":"if","locations":[{"start":{"line":22,"column":2},"end":{"line":24,"column":3}},{"start":{},"end":{}}],"line":22},"2":{"loc":{"start":{"line":49,"column":16},"end":{"line":49,"column":32}},"type":"binary-expr","locations":[{"start":{"line":49,"column":16},"end":{"line":49,"column":24}},{"start":{"line":49,"column":28},"end":{"line":49,"column":32}}],"line":49},"3":{"loc":{"start":{"line":50,"column":2},"end":{"line":52,"column":3}},"type":"if","locations":[{"start":{"line":50,"column":2},"end":{"line":52,"column":3}},{"start":{},"end":{}}],"line":50},"4":{"loc":{"start":{"line":55,"column":4},"end":{"line":65,"column":5}},"type":"if","locations":[{"start":{"line":55,"column":4},"end":{"line":65,"column":5}},{"start":{"line":63,"column":11},"end":{"line":65,"column":5}}],"line":55},"5":{"loc":{"start":{"line":58,"column":6},"end":{"line":62,"column":7}},"type":"if","locations":[{"start":{"line":58,"column":6},"end":{"line":62,"column":7}},{"start":{},"end":{}}],"line":58},"6":{"loc":{"start":{"line":78,"column":2},"end":{"line":80,"column":3}},"type":"if","locations":[{"start":{"line":78,"column":2},"end":{"line":80,"column":3}},{"start":{},"end":{}}],"line":78},"7":{"loc":{"start":{"line":93,"column":2},"end":{"line":95,"column":3}},"type":"if","locations":[{"start":{"line":93,"column":2},"end":{"line":95,"column":3}},{"start":{},"end":{}}],"line":93},"8":{"loc":{"start":{"line":102,"column":2},"end":{"line":104,"column":3}},"type":"if","locations":[{"start":{"line":102,"column":2},"end":{"line":104,"column":3}},{"start":{},"end":{}}],"line":102}},"s":{"0":7,"1":7,"2":7,"3":7,"4":7,"5":7,"6":4,"7":0,"8":4,"9":4,"10":0,"11":23,"12":20,"13":3,"14":3,"15":3,"16":0,"17":26,"18":26,"19":2,"20":2,"21":0,"22":17,"23":17,"24":14,"25":3,"26":3,"27":2,"28":2,"29":2,"30":2,"31":16,"32":1,"33":0,"34":3,"35":7,"36":20,"37":0,"38":20,"39":70,"40":20,"41":20,"42":20,"43":3,"44":5,"45":3,"46":1,"47":2,"48":2,"49":2,"50":8,"51":7,"52":1,"53":1,"54":1,"55":1,"56":1,"57":1,"58":7},"f":{"0":4,"1":23,"2":26,"3":2,"4":17,"5":16,"6":7,"7":20,"8":70,"9":3,"10":5,"11":8,"12":1,"13":1},"b":{"0":[0,4],"1":[20,3],"2":[17,14],"3":[14,3],"4":[2,1],"5":[2,0],"6":[0,20],"7":[1,2],"8":[7,1]},"_coverageSchema":"1a1c01bbd47fc00a2c39e90264f33305004495a9","hash":"630e23b2bc11e0830e1dce2246e24b4624d37e56"}
,"/Users/kdmsnr/src/github.com/kdmsnr/marp-preview/app/state.js": {"path":"/Users/kdmsnr/src/github.com/kdmsnr/marp-preview/app/state.js","statementMap":{"0":{"start":{"line":1,"column":17},"end":{"line":1,"column":21}},"1":{"start":{"line":2,"column":14},"end":{"line":2,"column":18}},"2":{"start":{"line":3,"column":22},"end":{"line":3,"column":26}},"3":{"start":{"line":5,"column":22},"end":{"line":7,"column":1}},"4":{"start":{"line":6,"column":2},"end":{"line":6,"column":22}},"5":{"start":{"line":9,"column":24},"end":{"line":11,"column":1}},"6":{"start":{"line":10,"column":2},"end":{"line":10,"column":20}},"7":{"start":{"line":13,"column":22},"end":{"line":13,"column":38}},"8":{"start":{"line":13,"column":28},"end":{"line":13,"column":38}},"9":{"start":{"line":15,"column":19},"end":{"line":17,"column":1}},"10":{"start":{"line":16,"column":2},"end":{"line":16,"column":23}},"11":{"start":{"line":19,"column":21},"end":{"line":21,"column":1}},"12":{"start":{"line":20,"column":2},"end":{"line":20,"column":17}},"13":{"start":{"line":23,"column":19},"end":{"line":23,"column":32}},"14":{"start":{"line":23,"column":25},"end":{"line":23,"column":32}},"15":{"start":{"line":25,"column":27},"end":{"line":27,"column":1}},"16":{"start":{"line":26,"column":2},"end":{"line":26,"column":29}},"17":{"start":{"line":29,"column":27},"end":{"line":29,"column":48}},"18":{"start":{"line":29,"column":33},"end":{"line":29,"column":48}},"19":{"start":{"line":31,"column":0},"end":{"line":40,"column":2}}},"fnMap":{"0":{"name":"(anonymous_0)","decl":{"start":{"line":5,"column":22},"end":{"line":5,"column":23}},"loc":{"start":{"line":5,"column":34},"end":{"line":7,"column":1}},"line":5},"1":{"name":"(anonymous_1)","decl":{"start":{"line":9,"column":24},"end":{"line":9,"column":25}},"loc":{"start":{"line":9,"column":30},"end":{"line":11,"column":1}},"line":9},"2":{"name":"(anonymous_2)","decl":{"start":{"line":13,"column":22},"end":{"line":13,"column":23}},"loc":{"start":{"line":13,"column":28},"end":{"line":13,"column":38}},"line":13},"3":{"name":"(anonymous_3)","decl":{"start":{"line":15,"column":19},"end":{"line":15,"column":20}},"loc":{"start":{"line":15,"column":35},"end":{"line":17,"column":1}},"line":15},"4":{"name":"(anonymous_4)","decl":{"start":{"line":19,"column":21},"end":{"line":19,"column":22}},"loc":{"start":{"line":19,"column":27},"end":{"line":21,"column":1}},"line":19},"5":{"name":"(anonymous_5)","decl":{"start":{"line":23,"column":19},"end":{"line":23,"column":20}},"loc":{"start":{"line":23,"column":25},"end":{"line":23,"column":32}},"line":23},"6":{"name":"(anonymous_6)","decl":{"start":{"line":25,"column":27},"end":{"line":25,"column":28}},"loc":{"start":{"line":25,"column":41},"end":{"line":27,"column":1}},"line":25},"7":{"name":"(anonymous_7)","decl":{"start":{"line":29,"column":27},"end":{"line":29,"column":28}},"loc":{"start":{"line":29,"column":33},"end":{"line":29,"column":48}},"line":29}},"branchMap":{},"s":{"0":3,"1":3,"2":3,"3":3,"4":1,"5":3,"6":1,"7":3,"8":2,"9":3,"10":1,"11":3,"12":1,"13":3,"14":2,"15":3,"16":1,"17":3,"18":1,"19":3},"f":{"0":1,"1":1,"2":2,"3":1,"4":1,"5":2,"6":1,"7":1},"b":{},"_coverageSchema":"1a1c01bbd47fc00a2c39e90264f33305004495a9","hash":"e7e30d3c437e6ed0b6df9b15b54614a8f33737ac"}
,"/Users/kdmsnr/src/github.com/kdmsnr/marp-preview/app/windowActions.js": {"path":"/Users/kdmsnr/src/github.com/kdmsnr/marp-preview/app/windowActions.js","statementMap":{"0":{"start":{"line":1,"column":26},"end":{"line":1,"column":44}},"1":{"start":{"line":4,"column":21},"end":{"line":4,"column":36}},"2":{"start":{"line":5,"column":2},"end":{"line":7,"column":3}},"3":{"start":{"line":6,"column":4},"end":{"line":6,"column":45}},"4":{"start":{"line":10,"column":0},"end":{"line":12,"column":2}}},"fnMap":{"0":{"name":"setAlwaysOnTop","decl":{"start":{"line":3,"column":9},"end":{"line":3,"column":23}},"loc":{"start":{"line":3,"column":39},"end":{"line":8,"column":1}},"line":3}},"branchMap":{"0":{"loc":{"start":{"line":5,"column":2},"end":{"line":7,"column":3}},"type":"if","locations":[{"start":{"line":5,"column":2},"end":{"line":7,"column":3}},{"start":{},"end":{}}],"line":5}},"s":{"0":1,"1":2,"2":2,"3":1,"4":1},"f":{"0":2},"b":{"0":[1,1]},"_coverageSchema":"1a1c01bbd47fc00a2c39e90264f33305004495a9","hash":"8a9f806b54b161427af2f9341dbac6dc6cc43110"}
}
