TN:
SF:app/exporter.js
FN:8,runMarpCLI
FN:15,exportFile
FNF:2
FNH:0
FNDA:0,runMarpCLI
FNDA:0,exportFile
DA:1,0
DA:2,0
DA:3,0
DA:4,0
DA:5,0
DA:6,0
DA:9,0
DA:10,0
DA:11,0
DA:16,0
DA:17,0
DA:18,0
DA:19,0
DA:22,0
DA:23,0
DA:24,0
DA:28,0
DA:30,0
DA:31,0
DA:32,0
DA:33,0
DA:39,0
DA:43,0
LF:23
LH:0
BRDA:10,0,0,0
BRDA:10,0,1,0
BRDA:17,1,0,0
BRDA:17,1,1,0
BRDA:28,2,0,0
BRDA:28,2,1,0
BRDA:28,3,0,0
BRDA:28,3,1,0
BRF:8
BRH:0
end_of_record
TN:
SF:app/fileDialog.js
FN:5,openFile
FN:13,(anonymous_1)
FN:19,(anonymous_2)
FNF:3
FNH:0
FNDA:0,openFile
FNDA:0,(anonymous_1)
FNDA:0,(anonymous_2)
DA:1,0
DA:2,0
DA:3,0
DA:6,0
DA:8,0
DA:14,0
DA:15,0
DA:16,0
DA:20,0
DA:21,0
DA:25,0
LF:11
LH:0
BRDA:14,0,0,0
BRDA:14,0,1,0
BRDA:14,1,0,0
BRDA:14,1,1,0
BRF:4
BRH:0
end_of_record
TN:
SF:app/fileLoader.js
FN:6,loadFile
FNF:1
FNH:0
FNDA:0,loadFile
DA:1,0
DA:2,0
DA:3,0
DA:4,0
DA:7,0
DA:8,0
DA:11,0
DA:12,0
DA:13,0
DA:14,0
DA:15,0
DA:18,0
LF:12
LH:0
BRDA:7,0,0,0
BRDA:7,0,1,0
BRF:2
BRH:0
end_of_record
TN:
SF:app/fileWatcher.js
FN:13,stopWatching
FN:21,startWatching
FN:34,(anonymous_2)
FN:36,(anonymous_3)
FN:41,(anonymous_4)
FNF:5
FNH:5
FNDA:6,stopWatching
FNDA:4,startWatching
FNDA:1,(anonymous_2)
FNDA:1,(anonymous_3)
FNDA:1,(anonymous_4)
DA:1,1
DA:8,1
DA:9,1
DA:14,6
DA:15,6
DA:16,2
DA:17,2
DA:22,4
DA:24,4
DA:32,4
DA:34,4
DA:35,1
DA:36,1
DA:37,1
DA:41,4
DA:42,1
DA:43,1
DA:44,1
DA:45,1
DA:47,1
DA:48,1
DA:52,1
LF:22
LH:22
BRDA:15,0,0,2
BRDA:15,0,1,4
BRDA:43,1,0,1
BRDA:43,1,1,0
BRDA:43,2,0,1
BRDA:43,2,1,1
BRF:6
BRH:5
end_of_record
TN:
SF:app/mainWindow.js
FN:6,createMainWindow
FN:20,(anonymous_1)
FN:28,(anonymous_2)
FNF:3
FNH:0
FNDA:0,createMainWindow
FNDA:0,(anonymous_1)
FNDA:0,(anonymous_2)
DA:1,0
DA:2,0
DA:3,0
DA:4,0
DA:7,0
DA:17,0
DA:18,0
DA:20,0
DA:21,0
DA:22,0
DA:25,0
DA:28,0
DA:30,0
LF:13
LH:0
BRDA:28,0,0,0
BRDA:28,0,1,0
BRF:2
BRH:0
end_of_record
TN:
SF:app/markdownRenderer.js
FN:9,renderAndSend
FNF:1
FNH:0
FNDA:0,renderAndSend
DA:1,0
DA:2,0
DA:3,0
DA:4,0
DA:5,0
DA:7,0
DA:10,0
DA:11,0
DA:12,0
DA:13,0
DA:14,0
DA:15,0
DA:16,0
DA:18,0
DA:21,0
DA:28,0
LF:16
LH:0
BRDA:14,0,0,0
BRDA:14,0,1,0
BRDA:14,1,0,0
BRDA:14,1,1,0
BRF:4
BRH:0
end_of_record
TN:
SF:app/menu.js
FN:4,buildRecentFilesSubmenu
FN:23,(anonymous_1)
FN:26,(anonymous_2)
FN:36,(anonymous_3)
FN:43,createApplicationMenu
FN:49,(anonymous_5)
FN:50,(anonymous_6)
FN:59,(anonymous_7)
FN:76,(anonymous_8)
FN:82,(anonymous_9)
FN:101,(anonymous_10)
FNF:11
FNH:0
FNDA:0,buildRecentFilesSubmenu
FNDA:0,(anonymous_1)
FNDA:0,(anonymous_2)
FNDA:0,(anonymous_3)
FNDA:0,createApplicationMenu
FNDA:0,(anonymous_5)
FNDA:0,(anonymous_6)
FNDA:0,(anonymous_7)
FNDA:0,(anonymous_8)
FNDA:0,(anonymous_9)
FNDA:0,(anonymous_10)
DA:1,0
DA:2,0
DA:9,0
DA:10,0
DA:23,0
DA:27,0
DA:31,0
DA:37,0
DA:52,0
DA:60,0
DA:77,0
DA:83,0
DA:102,0
DA:111,0
DA:114,0
LF:15
LH:0
BRDA:9,0,0,0
BRDA:9,0,1,0
BRDA:9,1,0,0
BRDA:9,1,1,0
BRDA:48,2,0,0
BRDA:49,3,0,0
BRDA:50,4,0,0
BRF:7
BRH:0
end_of_record
TN:
SF:app/recentFiles.js
FN:10,ensureStorageDir
FN:21,persistRecentFiles
FN:33,notifyListeners
FN:35,(anonymous_3)
FN:44,initializeRecentFiles
FN:55,(anonymous_5)
FN:67,getRecentFiles
FN:71,addRecentFile
FN:78,(anonymous_8)
FN:85,removeRecentFile
FN:86,(anonymous_10)
FN:95,clearRecentFiles
FN:104,onRecentFilesChange
FN:106,(anonymous_13)
FNF:14
FNH:14
FNDA:4,ensureStorageDir
FNDA:23,persistRecentFiles
FNDA:25,notifyListeners
FNDA:2,(anonymous_3)
FNDA:14,initializeRecentFiles
FNDA:1,(anonymous_5)
FNDA:6,getRecentFiles
FNDA:20,addRecentFile
FNDA:70,(anonymous_8)
FNDA:3,removeRecentFile
FNDA:5,(anonymous_10)
FNDA:7,clearRecentFiles
FNDA:1,onRecentFilesChange
FNDA:1,(anonymous_13)
DA:1,6
DA:2,6
DA:4,6
DA:6,6
DA:7,6
DA:8,6
DA:11,4
DA:12,0
DA:14,4
DA:15,4
DA:17,0
DA:22,23
DA:23,20
DA:25,3
DA:26,3
DA:27,3
DA:29,0
DA:34,25
DA:35,25
DA:36,2
DA:37,2
DA:39,0
DA:45,14
DA:46,14
DA:47,12
DA:50,2
DA:51,2
DA:52,1
DA:53,1
DA:54,1
DA:55,1
DA:58,1
DA:61,0
DA:64,2
DA:68,6
DA:72,20
DA:73,0
DA:76,20
DA:78,70
DA:80,20
DA:81,20
DA:82,20
DA:86,5
DA:87,3
DA:88,1
DA:90,2
DA:91,2
DA:92,2
DA:96,7
DA:97,6
DA:99,1
DA:100,1
DA:101,1
DA:105,1
DA:106,1
DA:109,6
LF:56
LH:50
BRDA:11,0,0,0
BRDA:11,0,1,4
BRDA:22,1,0,20
BRDA:22,1,1,3
BRDA:45,2,0,14
BRDA:45,2,1,12
BRDA:46,3,0,12
BRDA:46,3,1,2
BRDA:51,4,0,1
BRDA:51,4,1,1
BRDA:54,5,0,1
BRDA:54,5,1,0
BRDA:72,6,0,0
BRDA:72,6,1,20
BRDA:87,7,0,1
BRDA:87,7,1,2
BRDA:96,8,0,6
BRDA:96,8,1,1
BRF:18
BRH:15
end_of_record
TN:
SF:app/state.js
FN:5,(anonymous_0)
FN:9,(anonymous_1)
FN:13,(anonymous_2)
FN:15,(anonymous_3)
FN:19,(anonymous_4)
FN:23,(anonymous_5)
FN:25,(anonymous_6)
FN:29,(anonymous_7)
FNF:8
FNH:0
FNDA:0,(anonymous_0)
FNDA:0,(anonymous_1)
FNDA:0,(anonymous_2)
FNDA:0,(anonymous_3)
FNDA:0,(anonymous_4)
FNDA:0,(anonymous_5)
FNDA:0,(anonymous_6)
FNDA:0,(anonymous_7)
DA:1,0
DA:2,0
DA:3,0
DA:5,0
DA:6,0
DA:9,0
DA:10,0
DA:13,0
DA:15,0
DA:16,0
DA:19,0
DA:20,0
DA:23,0
DA:25,0
DA:26,0
DA:29,0
DA:31,0
LF:17
LH:0
BRF:0
BRH:0
end_of_record
TN:
SF:app/windowActions.js
FN:3,setAlwaysOnTop
FNF:1
FNH:0
FNDA:0,setAlwaysOnTop
DA:1,0
DA:4,0
DA:5,0
DA:6,0
DA:10,0
LF:5
LH:0
BRDA:5,0,0,0
BRDA:5,0,1,0
BRF:2
BRH:0
end_of_record
