TN:
SF:app/exporter.js
FN:8,runMarpCLI
FN:15,exportFile
FNF:2
FNH:2
FNDA:2,runMarpCLI
FNDA:4,exportFile
DA:1,1
DA:2,1
DA:3,1
DA:4,1
DA:5,1
DA:6,1
DA:9,2
DA:10,2
DA:11,1
DA:16,4
DA:17,4
DA:18,1
DA:19,1
DA:22,3
DA:23,3
DA:24,3
DA:28,3
DA:30,2
DA:31,2
DA:32,1
DA:33,1
DA:39,1
DA:43,1
LF:23
LH:23
BRDA:10,0,0,1
BRDA:10,0,1,1
BRDA:17,1,0,1
BRDA:17,1,1,3
BRDA:28,2,0,1
BRDA:28,2,1,2
BRDA:28,3,0,3
BRDA:28,3,1,2
BRF:8
BRH:8
end_of_record
TN:
SF:app/fileDialog.js
FN:5,openFile
FNF:1
FNH:1
FNDA:3,openFile
DA:1,1
DA:2,1
DA:3,1
DA:6,3
DA:8,3
DA:9,3
DA:14,2
DA:15,1
DA:18,1
DA:19,1
DA:23,1
LF:11
LH:11
BRDA:14,0,0,1
BRDA:14,0,1,1
BRDA:14,1,0,2
BRDA:14,1,1,1
BRF:4
BRH:4
end_of_record
TN:
SF:app/fileLoader.js
FN:6,loadFile
FNF:1
FNH:1
FNDA:2,loadFile
DA:1,1
DA:2,1
DA:3,1
DA:4,1
DA:7,2
DA:8,1
DA:11,1
DA:12,1
DA:13,1
DA:14,1
DA:15,1
DA:18,1
LF:12
LH:12
BRDA:7,0,0,1
BRDA:7,0,1,1
BRF:2
BRH:2
end_of_record
TN:
SF:app/fileWatcher.js
FN:13,clearPendingRender
FN:20,stopWatching
FN:29,startWatching
FN:42,(anonymous_3)
FN:44,(anonymous_4)
FN:50,(anonymous_5)
FNF:6
FNH:6
FNDA:10,clearPendingRender
FNDA:8,stopWatching
FNDA:5,startWatching
FNDA:2,(anonymous_3)
FNDA:1,(anonymous_4)
FNDA:1,(anonymous_5)
DA:1,1
DA:8,1
DA:9,1
DA:11,1
DA:14,10
DA:15,1
DA:16,1
DA:21,8
DA:22,8
DA:23,8
DA:24,3
DA:25,3
DA:30,5
DA:32,5
DA:40,5
DA:42,5
DA:43,2
DA:44,2
DA:45,1
DA:46,1
DA:50,5
DA:51,1
DA:52,1
DA:53,1
DA:54,1
DA:56,1
DA:57,1
DA:61,1
LF:28
LH:28
BRDA:14,0,0,1
BRDA:14,0,1,9
BRDA:23,1,0,3
BRDA:23,1,1,5
BRDA:52,2,0,1
BRDA:52,2,1,0
BRDA:52,3,0,1
BRDA:52,3,1,1
BRF:8
BRH:7
end_of_record
TN:
SF:app/mainWindow.js
FN:6,createMainWindow
FN:20,(anonymous_1)
FN:28,(anonymous_2)
FNF:3
FNH:3
FNDA:1,createMainWindow
FNDA:1,(anonymous_1)
FNDA:1,(anonymous_2)
DA:1,1
DA:2,1
DA:3,1
DA:4,1
DA:7,1
DA:17,1
DA:18,1
DA:20,1
DA:21,1
DA:22,1
DA:25,1
DA:28,1
DA:30,1
LF:13
LH:13
BRDA:28,0,0,1
BRDA:28,0,1,0
BRF:2
BRH:1
end_of_record
TN:
SF:app/markdownRenderer.js
FN:9,renderAndSend
FNF:1
FNH:1
FNDA:3,renderAndSend
DA:1,1
DA:2,1
DA:3,1
DA:4,1
DA:5,1
DA:7,1
DA:10,3
DA:11,3
DA:12,2
DA:13,2
DA:14,2
DA:15,1
DA:16,1
DA:18,1
DA:23,1
DA:30,1
LF:16
LH:16
BRDA:14,0,0,1
BRDA:14,0,1,1
BRDA:14,1,0,2
BRDA:14,1,1,2
BRF:4
BRH:4
end_of_record
TN:
SF:app/menu.js
FN:4,buildRecentFilesSubmenu
FN:23,(anonymous_1)
FN:26,(anonymous_2)
FN:36,(anonymous_3)
FN:43,createApplicationMenu
FN:49,(anonymous_5)
FN:50,(anonymous_6)
FN:59,(anonymous_7)
FN:76,(anonymous_8)
FN:82,(anonymous_9)
FN:101,(anonymous_10)
FNF:11
FNH:9
FNDA:2,buildRecentFilesSubmenu
FNDA:1,(anonymous_1)
FNDA:1,(anonymous_2)
FNDA:1,(anonymous_3)
FNDA:2,createApplicationMenu
FNDA:0,(anonymous_5)
FNDA:0,(anonymous_6)
FNDA:1,(anonymous_7)
FNDA:1,(anonymous_8)
FNDA:1,(anonymous_9)
FNDA:1,(anonymous_10)
DA:1,1
DA:2,1
DA:9,2
DA:10,1
DA:23,1
DA:27,1
DA:31,1
DA:37,1
DA:52,2
DA:60,1
DA:77,1
DA:83,1
DA:102,1
DA:111,2
DA:114,1
LF:15
LH:15
BRDA:9,0,0,1
BRDA:9,0,1,1
BRDA:9,1,0,2
BRDA:9,1,1,2
BRDA:48,2,0,0
BRDA:49,3,0,1
BRDA:50,4,0,0
BRF:7
BRH:5
end_of_record
TN:
SF:app/recentFiles.js
FN:10,ensureStorageDir
FN:21,persistRecentFiles
FN:37,notifyListeners
FN:39,(anonymous_3)
FN:48,initializeRecentFiles
FN:60,(anonymous_5)
FN:73,getRecentFiles
FN:77,addRecentFile
FN:84,(anonymous_8)
FN:91,removeRecentFile
FN:92,(anonymous_10)
FN:101,clearRecentFiles
FN:110,onRecentFilesChange
FN:112,(anonymous_13)
FNF:14
FNH:14
FNDA:4,ensureStorageDir
FNDA:23,persistRecentFiles
FNDA:26,notifyListeners
FNDA:2,(anonymous_3)
FNDA:17,initializeRecentFiles
FNDA:16,(anonymous_5)
FNDA:7,getRecentFiles
FNDA:20,addRecentFile
FNDA:70,(anonymous_8)
FNDA:3,removeRecentFile
FNDA:5,(anonymous_10)
FNDA:8,clearRecentFiles
FNDA:1,onRecentFilesChange
FNDA:1,(anonymous_13)
DA:1,7
DA:2,7
DA:4,7
DA:6,7
DA:7,7
DA:8,7
DA:11,4
DA:12,0
DA:14,4
DA:15,4
DA:17,0
DA:22,23
DA:23,20
DA:25,3
DA:26,3
DA:27,3
DA:33,0
DA:38,26
DA:39,26
DA:40,2
DA:41,2
DA:43,0
DA:49,17
DA:50,17
DA:51,14
DA:54,3
DA:55,3
DA:56,2
DA:57,2
DA:58,2
DA:59,2
DA:60,16
DA:64,1
DA:67,0
DA:70,3
DA:74,7
DA:78,20
DA:79,0
DA:82,20
DA:84,70
DA:86,20
DA:87,20
DA:88,20
DA:92,5
DA:93,3
DA:94,1
DA:96,2
DA:97,2
DA:98,2
DA:102,8
DA:103,7
DA:105,1
DA:106,1
DA:107,1
DA:111,1
DA:112,1
DA:115,7
LF:57
LH:51
BRDA:11,0,0,0
BRDA:11,0,1,4
BRDA:22,1,0,20
BRDA:22,1,1,3
BRDA:49,2,0,17
BRDA:49,2,1,14
BRDA:50,3,0,14
BRDA:50,3,1,3
BRDA:55,4,0,2
BRDA:55,4,1,1
BRDA:58,5,0,2
BRDA:58,5,1,0
BRDA:78,6,0,0
BRDA:78,6,1,20
BRDA:93,7,0,1
BRDA:93,7,1,2
BRDA:102,8,0,7
BRDA:102,8,1,1
BRF:18
BRH:15
end_of_record
TN:
SF:app/state.js
FN:5,(anonymous_0)
FN:9,(anonymous_1)
FN:13,(anonymous_2)
FN:15,(anonymous_3)
FN:19,(anonymous_4)
FN:23,(anonymous_5)
FN:25,(anonymous_6)
FN:29,(anonymous_7)
FNF:8
FNH:8
FNDA:1,(anonymous_0)
FNDA:1,(anonymous_1)
FNDA:2,(anonymous_2)
FNDA:1,(anonymous_3)
FNDA:1,(anonymous_4)
FNDA:2,(anonymous_5)
FNDA:1,(anonymous_6)
FNDA:1,(anonymous_7)
DA:1,3
DA:2,3
DA:3,3
DA:5,3
DA:6,1
DA:9,3
DA:10,1
DA:13,3
DA:15,3
DA:16,1
DA:19,3
DA:20,1
DA:23,3
DA:25,3
DA:26,1
DA:29,3
DA:31,3
LF:17
LH:17
BRF:0
BRH:0
end_of_record
TN:
SF:app/windowActions.js
FN:3,setAlwaysOnTop
FNF:1
FNH:1
FNDA:2,setAlwaysOnTop
DA:1,1
DA:4,2
DA:5,2
DA:6,1
DA:10,1
LF:5
LH:5
BRDA:5,0,0,1
BRDA:5,0,1,1
BRF:2
BRH:2
end_of_record
